Using pre-set license
Built from '2021.3/release' branch; Version is '2021.3.12f1 (8af3c3e441b1) revision 9106371'; Using compiler version '192829333'; Build Type 'Release'
OS: 'Windows 11  (10.0.22000) 64bit Core' Language: 'en' Physical Memory: 32547 MB
BatchMode: 1, IsHumanControllingUs: 0, StartBugReporterOnCrash: 0, Is64bit: 1, IsPro: 1

COMMAND LINE ARGUMENTS:
C:\Program Files\Unity 2021.3.12f1\Editor\Unity.exe
-adb2
-batchMode
-noUpm
-name
AssetImportWorker2
-projectPath
D:/CS-583-Final-Project/Final Project Game
-logFile
Logs/AssetImportWorker2.log
-srvPort
51858
Successfully changed project path to: D:/CS-583-Final-Project/Final Project Game
D:/CS-583-Final-Project/Final Project Game
[UnityMemory] Configuration Parameters - Can be set up in boot.config
    "memorysetup-bucket-allocator-granularity=16"
    "memorysetup-bucket-allocator-bucket-count=8"
    "memorysetup-bucket-allocator-block-size=33554432"
    "memorysetup-bucket-allocator-block-count=8"
    "memorysetup-main-allocator-block-size=16777216"
    "memorysetup-thread-allocator-block-size=16777216"
    "memorysetup-gfx-main-allocator-block-size=16777216"
    "memorysetup-gfx-thread-allocator-block-size=16777216"
    "memorysetup-cache-allocator-block-size=4194304"
    "memorysetup-typetree-allocator-block-size=2097152"
    "memorysetup-profiler-bucket-allocator-granularity=16"
    "memorysetup-profiler-bucket-allocator-bucket-count=8"
    "memorysetup-profiler-bucket-allocator-block-size=33554432"
    "memorysetup-profiler-bucket-allocator-block-count=8"
    "memorysetup-profiler-allocator-block-size=16777216"
    "memorysetup-profiler-editor-allocator-block-size=1048576"
    "memorysetup-temp-allocator-size-main=16777216"
    "memorysetup-job-temp-allocator-block-size=2097152"
    "memorysetup-job-temp-allocator-block-size-background=1048576"
    "memorysetup-job-temp-allocator-reduction-small-platforms=262144"
    "memorysetup-temp-allocator-size-background-worker=32768"
    "memorysetup-temp-allocator-size-job-worker=262144"
    "memorysetup-temp-allocator-size-preload-manager=33554432"
    "memorysetup-temp-allocator-size-nav-mesh-worker=65536"
    "memorysetup-temp-allocator-size-audio-worker=65536"
    "memorysetup-temp-allocator-size-cloud-worker=32768"
    "memorysetup-temp-allocator-size-gi-baking-worker=262144"
    "memorysetup-temp-allocator-size-gfx=262144"
Refreshing native plugins compatible for Editor in 260.73 ms, found 3 plugins.
Preloading 0 native plugins for Editor in 0.00 ms.
Initialize engine version: 2021.3.12f1 (8af3c3e441b1)
[Subsystems] Discovering subsystems at path C:/Program Files/Unity 2021.3.12f1/Editor/Data/Resources/UnitySubsystems
[Subsystems] Discovering subsystems at path D:/CS-583-Final-Project/Final Project Game/Assets
GfxDevice: creating device client; threaded=0; jobified=0
Direct3D:
    Version:  Direct3D 11.0 [level 11.1]
    Renderer: NVIDIA GeForce RTX 3050 Ti Laptop GPU (ID=0x25a0)
    Vendor:   NVIDIA
    VRAM:     3990 MB
    Driver:   27.21.14.6262
Initialize mono
Mono path[0] = 'C:/Program Files/Unity 2021.3.12f1/Editor/Data/Managed'
Mono path[1] = 'C:/Program Files/Unity 2021.3.12f1/Editor/Data/MonoBleedingEdge/lib/mono/unityjit-win32'
Mono config path = 'C:/Program Files/Unity 2021.3.12f1/Editor/Data/MonoBleedingEdge/etc'
Using monoOptions --debugger-agent=transport=dt_socket,embedding=1,server=y,suspend=n,address=127.0.0.1:56156
Begin MonoManager ReloadAssembly
Registering precompiled unity dll's ...
Register platform support module: C:/Program Files/Unity 2021.3.12f1/Editor/Data/PlaybackEngines/WebGLSupport/UnityEditor.WebGL.Extensions.dll
Register platform support module: C:/Program Files/Unity 2021.3.12f1/Editor/Data/PlaybackEngines/WindowsStandaloneSupport/UnityEditor.WindowsStandalone.Extensions.dll
Registered in 0.006964 seconds.
Native extension for WindowsStandalone target not found
Native extension for WebGL target not found
Refreshing native plugins compatible for Editor in 220.84 ms, found 3 plugins.
Preloading 0 native plugins for Editor in 0.00 ms.
Mono: successfully reloaded assembly
- Completed reload, in  0.999 seconds
Domain Reload Profiling:
	ReloadAssembly (999ms)
		BeginReloadAssembly (79ms)
			ExecutionOrderSort (0ms)
			DisableScriptedObjects (0ms)
			BackupInstance (0ms)
			ReleaseScriptingObjects (0ms)
			CreateAndSetChildDomain (1ms)
		EndReloadAssembly (769ms)
			LoadAssemblies (77ms)
			RebuildTransferFunctionScriptingTraits (0ms)
			SetupTypeCache (136ms)
			ReleaseScriptCaches (0ms)
			RebuildScriptCaches (44ms)
			SetupLoadedEditorAssemblies (519ms)
				LogAssemblyErrors (0ms)
				InitializePlatformSupportModulesInManaged (11ms)
				SetLoadedEditorAssemblies (0ms)
				RefreshPlugins (221ms)
				BeforeProcessingInitializeOnLoad (2ms)
				ProcessInitializeOnLoadAttributes (201ms)
				ProcessInitializeOnLoadMethodAttributes (84ms)
				AfterProcessingInitializeOnLoad (0ms)
				EditorAssembliesLoaded (0ms)
			ExecutionOrderSort2 (0ms)
			AwakeInstancesAfterBackupRestoration (0ms)
Platform modules already initialized, skipping
Registering precompiled user dll's ...
Registered in 0.011770 seconds.
Begin MonoManager ReloadAssembly
Symbol file LoadedFromMemory doesn't match image D:\CS-583-Final-Project\Final Project Game\Library\PackageCache\com.unity.visualscripting@1.7.8\Editor\VisualScripting.Core\Dependencies\DotNetZip\Unity.VisualScripting.IonicZip.dll
Symbol file LoadedFromMemory doesn't match image D:\CS-583-Final-Project\Final Project Game\Library\PackageCache\com.unity.visualscripting@1.7.8\Editor\VisualScripting.Core\Dependencies\YamlDotNet\Unity.VisualScripting.YamlDotNet.dll
Native extension for WindowsStandalone target not found
Native extension for WebGL target not found
Refreshing native plugins compatible for Editor in 233.00 ms, found 3 plugins.
Preloading 0 native plugins for Editor in 0.00 ms.
Package Manager log level set to [2]
Mono: successfully reloaded assembly
- Completed reload, in  2.251 seconds
Domain Reload Profiling:
	ReloadAssembly (2253ms)
		BeginReloadAssembly (181ms)
			ExecutionOrderSort (0ms)
			DisableScriptedObjects (12ms)
			BackupInstance (0ms)
			ReleaseScriptingObjects (0ms)
			CreateAndSetChildDomain (30ms)
		EndReloadAssembly (1895ms)
			LoadAssemblies (164ms)
			RebuildTransferFunctionScriptingTraits (0ms)
			SetupTypeCache (434ms)
			ReleaseScriptCaches (1ms)
			RebuildScriptCaches (89ms)
			SetupLoadedEditorAssemblies (1147ms)
				LogAssemblyErrors (0ms)
				InitializePlatformSupportModulesInManaged (7ms)
				SetLoadedEditorAssemblies (0ms)
				RefreshPlugins (233ms)
				BeforeProcessingInitializeOnLoad (138ms)
				ProcessInitializeOnLoadAttributes (544ms)
				ProcessInitializeOnLoadMethodAttributes (213ms)
				AfterProcessingInitializeOnLoad (11ms)
				EditorAssembliesLoaded (0ms)
			ExecutionOrderSort2 (0ms)
			AwakeInstancesAfterBackupRestoration (9ms)
Platform modules already initialized, skipping
========================================================================
Worker process is ready to serve import requests
Launched and connected shader compiler UnityShaderCompiler.exe after 0.09 seconds
Refreshing native plugins compatible for Editor in 2.75 ms, found 3 plugins.
Preloading 0 native plugins for Editor in 0.00 ms.
Unloading 4832 Unused Serialized files (Serialized files now loaded: 0)
Unloading 96 unused Assets / (1.4 MB). Loaded Objects now: 5275.
Memory consumption went from 267.2 MB to 265.9 MB.
Total: 8.590300 ms (FindLiveObjects: 0.512500 ms CreateObjectMapping: 0.254800 ms MarkObjects: 7.328500 ms  DeleteObjects: 0.493000 ms)

AssetImportParameters requested are different than current active one (requested -> active):
  custom:video-decoder-ogg-theora: a1e56fd34408186e4bbccfd4996cb3dc -> 
  custom:container-muxer-webm: aa71ff27fc2769a1b78a27578f13a17b -> 
  custom:container-demuxer-webm: 4f35f7cbe854078d1ac9338744f61a02 -> 
  custom:video-encoder-webm-vp8: eb34c28f22e8b96e1ab97ce403110664 -> 
  custom:audio-encoder-webm-vorbis: bf7c407c2cedff20999df2af8eb42d56 -> 
  custom:framework-win-MediaFoundation: 216162199b28c13a410421893ffa2e32 -> 
  custom:container-demuxer-ogg: 62fdf1f143b41e24485cea50d1cbac27 -> 
  custom:video-decoder-webm-vp8: 9c59270c3fd7afecdb556c50c9e8de78 -> 
  custom:audio-decoder-ogg-vorbis: bf7c407c2cedff20999df2af8eb42d56 -> 
========================================================================
Received Import Request.
  Time since last request: 927.137042 seconds.
  path: Assets/SyntyStudios/PolygonAdventure/Models/SM_Env_Tree_01_Snow.fbx
  artifactKey: Guid(d4936fc34dccc1442b10e24067db638b) Importer(815301076,1909f56bfc062723c751e8b465ee728b)
Start importing Assets/SyntyStudios/PolygonAdventure/Models/SM_Env_Tree_01_Snow.fbx using Guid(d4936fc34dccc1442b10e24067db638b) Importer(815301076,1909f56bfc062723c751e8b465ee728b)  -> (artifact id: '2e42628b402aeb95b4d04a6472a5dbc5') in 0.233922 seconds 
========================================================================
Received Import Request.
  Time since last request: 0.000023 seconds.
  path: Assets/SyntyStudios/PolygonKnights/Models/SM_Env_Tile_Snow_01.fbx
  artifactKey: Guid(65149849a2d70094190c9ca5e4117df1) Importer(815301076,1909f56bfc062723c751e8b465ee728b)
Start importing Assets/SyntyStudios/PolygonKnights/Models/SM_Env_Tile_Snow_01.fbx using Guid(65149849a2d70094190c9ca5e4117df1) Importer(815301076,1909f56bfc062723c751e8b465ee728b)  -> (artifact id: '389b8bb17800eb892383d742d12d834d') in 0.042029 seconds 
========================================================================
Received Import Request.
  Time since last request: 0.000032 seconds.
  path: Assets/SyntyStudios/PolygonKnights/Models/SM_Env_Tile_Dirt_01.fbx
  artifactKey: Guid(ac025501aea76fb4c83c52b99e25b316) Importer(815301076,1909f56bfc062723c751e8b465ee728b)
Start importing Assets/SyntyStudios/PolygonKnights/Models/SM_Env_Tile_Dirt_01.fbx using Guid(ac025501aea76fb4c83c52b99e25b316) Importer(815301076,1909f56bfc062723c751e8b465ee728b)  -> (artifact id: 'e160c3eed3cc740052ba3a30e4cc77d5') in 0.049596 seconds 
========================================================================
Received Import Request.
  Time since last request: 6.980669 seconds.
  path: Assets/SyntyStudios/PolygonStarter/Models/SM_Veh_Plane_Stunt_01.fbx
  artifactKey: Guid(89cfb46882e163d428cb9f3d79ae2393) Importer(815301076,1909f56bfc062723c751e8b465ee728b)
Start importing Assets/SyntyStudios/PolygonStarter/Models/SM_Veh_Plane_Stunt_01.fbx using Guid(89cfb46882e163d428cb9f3d79ae2393) Importer(815301076,1909f56bfc062723c751e8b465ee728b)  -> (artifact id: '714cd79235067450cac9d59a5d1a2b93') in 0.211082 seconds 
========================================================================
Received Prepare
Registering precompiled user dll's ...
Registered in 0.008283 seconds.
Begin MonoManager ReloadAssembly
Symbol file LoadedFromMemory doesn't match image D:\CS-583-Final-Project\Final Project Game\Library\PackageCache\com.unity.visualscripting@1.7.8\Editor\VisualScripting.Core\Dependencies\DotNetZip\Unity.VisualScripting.IonicZip.dll
Symbol file LoadedFromMemory doesn't match image D:\CS-583-Final-Project\Final Project Game\Library\PackageCache\com.unity.visualscripting@1.7.8\Editor\VisualScripting.Core\Dependencies\YamlDotNet\Unity.VisualScripting.YamlDotNet.dll
Native extension for WindowsStandalone target not found
Native extension for WebGL target not found
Refreshing native plugins compatible for Editor in 3.06 ms, found 3 plugins.
Preloading 0 native plugins for Editor in 0.00 ms.
Mono: successfully reloaded assembly
- Completed reload, in  1.841 seconds
Domain Reload Profiling:
	ReloadAssembly (1842ms)
		BeginReloadAssembly (207ms)
			ExecutionOrderSort (0ms)
			DisableScriptedObjects (11ms)
			BackupInstance (0ms)
			ReleaseScriptingObjects (0ms)
			CreateAndSetChildDomain (63ms)
		EndReloadAssembly (1502ms)
			LoadAssemblies (152ms)
			RebuildTransferFunctionScriptingTraits (0ms)
			SetupTypeCache (445ms)
			ReleaseScriptCaches (3ms)
			RebuildScriptCaches (69ms)
			SetupLoadedEditorAssemblies (762ms)
				LogAssemblyErrors (0ms)
				InitializePlatformSupportModulesInManaged (25ms)
				SetLoadedEditorAssemblies (1ms)
				RefreshPlugins (3ms)
				BeforeProcessingInitializeOnLoad (121ms)
				ProcessInitializeOnLoadAttributes (396ms)
				ProcessInitializeOnLoadMethodAttributes (207ms)
				AfterProcessingInitializeOnLoad (8ms)
				EditorAssembliesLoaded (0ms)
			ExecutionOrderSort2 (0ms)
			AwakeInstancesAfterBackupRestoration (7ms)
Platform modules already initialized, skipping
Refreshing native plugins compatible for Editor in 7.02 ms, found 3 plugins.
Preloading 0 native plugins for Editor in 0.00 ms.
Unloading 4785 Unused Serialized files (Serialized files now loaded: 0)
Unloading 72 unused Assets / (1.4 MB). Loaded Objects now: 5302.
Memory consumption went from 267.3 MB to 265.9 MB.
Total: 9.003000 ms (FindLiveObjects: 0.881400 ms CreateObjectMapping: 0.283900 ms MarkObjects: 7.510100 ms  DeleteObjects: 0.326000 ms)

AssetImportParameters requested are different than current active one (requested -> active):
  custom:video-decoder-ogg-theora: a1e56fd34408186e4bbccfd4996cb3dc -> 
  custom:container-muxer-webm: aa71ff27fc2769a1b78a27578f13a17b -> 
  custom:container-demuxer-webm: 4f35f7cbe854078d1ac9338744f61a02 -> 
  custom:video-encoder-webm-vp8: eb34c28f22e8b96e1ab97ce403110664 -> 
  custom:audio-encoder-webm-vorbis: bf7c407c2cedff20999df2af8eb42d56 -> 
  custom:framework-win-MediaFoundation: 216162199b28c13a410421893ffa2e32 -> 
  custom:container-demuxer-ogg: 62fdf1f143b41e24485cea50d1cbac27 -> 
  custom:video-decoder-webm-vp8: 9c59270c3fd7afecdb556c50c9e8de78 -> 
  custom:audio-decoder-ogg-vorbis: bf7c407c2cedff20999df2af8eb42d56 -> 
========================================================================
Received Prepare
Registering precompiled user dll's ...
Registered in 0.011152 seconds.
Begin MonoManager ReloadAssembly
Symbol file LoadedFromMemory doesn't match image D:\CS-583-Final-Project\Final Project Game\Library\PackageCache\com.unity.visualscripting@1.7.8\Editor\VisualScripting.Core\Dependencies\DotNetZip\Unity.VisualScripting.IonicZip.dll
Symbol file LoadedFromMemory doesn't match image D:\CS-583-Final-Project\Final Project Game\Library\PackageCache\com.unity.visualscripting@1.7.8\Editor\VisualScripting.Core\Dependencies\YamlDotNet\Unity.VisualScripting.YamlDotNet.dll
Native extension for WindowsStandalone target not found
Native extension for WebGL target not found
Refreshing native plugins compatible for Editor in 1.86 ms, found 3 plugins.
Preloading 0 native plugins for Editor in 0.00 ms.
Mono: successfully reloaded assembly
- Completed reload, in  1.687 seconds
Domain Reload Profiling:
	ReloadAssembly (1689ms)
		BeginReloadAssembly (231ms)
			ExecutionOrderSort (0ms)
			DisableScriptedObjects (10ms)
			BackupInstance (0ms)
			ReleaseScriptingObjects (0ms)
			CreateAndSetChildDomain (79ms)
		EndReloadAssembly (1333ms)
			LoadAssemblies (131ms)
			RebuildTransferFunctionScriptingTraits (0ms)
			SetupTypeCache (393ms)
			ReleaseScriptCaches (3ms)
			RebuildScriptCaches (61ms)
			SetupLoadedEditorAssemblies (680ms)
				LogAssemblyErrors (0ms)
				InitializePlatformSupportModulesInManaged (16ms)
				SetLoadedEditorAssemblies (1ms)
				RefreshPlugins (2ms)
				BeforeProcessingInitializeOnLoad (96ms)
				ProcessInitializeOnLoadAttributes (358ms)
				ProcessInitializeOnLoadMethodAttributes (201ms)
				AfterProcessingInitializeOnLoad (7ms)
				EditorAssembliesLoaded (0ms)
			ExecutionOrderSort2 (0ms)
			AwakeInstancesAfterBackupRestoration (7ms)
Platform modules already initialized, skipping
Refreshing native plugins compatible for Editor in 7.30 ms, found 3 plugins.
Preloading 0 native plugins for Editor in 0.00 ms.
Unloading 4785 Unused Serialized files (Serialized files now loaded: 0)
Unloading 72 unused Assets / (1.4 MB). Loaded Objects now: 5317.
Memory consumption went from 267.3 MB to 265.9 MB.
Total: 11.591800 ms (FindLiveObjects: 0.444800 ms CreateObjectMapping: 0.214400 ms MarkObjects: 10.580300 ms  DeleteObjects: 0.350400 ms)

AssetImportParameters requested are different than current active one (requested -> active):
  custom:video-decoder-ogg-theora: a1e56fd34408186e4bbccfd4996cb3dc -> 
  custom:container-muxer-webm: aa71ff27fc2769a1b78a27578f13a17b -> 
  custom:container-demuxer-webm: 4f35f7cbe854078d1ac9338744f61a02 -> 
  custom:video-encoder-webm-vp8: eb34c28f22e8b96e1ab97ce403110664 -> 
  custom:audio-encoder-webm-vorbis: bf7c407c2cedff20999df2af8eb42d56 -> 
  custom:framework-win-MediaFoundation: 216162199b28c13a410421893ffa2e32 -> 
  custom:container-demuxer-ogg: 62fdf1f143b41e24485cea50d1cbac27 -> 
  custom:video-decoder-webm-vp8: 9c59270c3fd7afecdb556c50c9e8de78 -> 
  custom:audio-decoder-ogg-vorbis: bf7c407c2cedff20999df2af8eb42d56 -> 
========================================================================
Received Prepare
Registering precompiled user dll's ...
Registered in 0.009963 seconds.
Begin MonoManager ReloadAssembly
Symbol file LoadedFromMemory doesn't match image D:\CS-583-Final-Project\Final Project Game\Library\PackageCache\com.unity.visualscripting@1.7.8\Editor\VisualScripting.Core\Dependencies\DotNetZip\Unity.VisualScripting.IonicZip.dll
Symbol file LoadedFromMemory doesn't match image D:\CS-583-Final-Project\Final Project Game\Library\PackageCache\com.unity.visualscripting@1.7.8\Editor\VisualScripting.Core\Dependencies\YamlDotNet\Unity.VisualScripting.YamlDotNet.dll
Native extension for WindowsStandalone target not found
Native extension for WebGL target not found
Refreshing native plugins compatible for Editor in 1.80 ms, found 3 plugins.
Preloading 0 native plugins for Editor in 0.00 ms.
Mono: successfully reloaded assembly
- Completed reload, in  1.812 seconds
Domain Reload Profiling:
	ReloadAssembly (1813ms)
		BeginReloadAssembly (206ms)
			ExecutionOrderSort (0ms)
			DisableScriptedObjects (8ms)
			BackupInstance (0ms)
			ReleaseScriptingObjects (0ms)
			CreateAndSetChildDomain (73ms)
		EndReloadAssembly (1470ms)
			LoadAssemblies (141ms)
			RebuildTransferFunctionScriptingTraits (0ms)
			SetupTypeCache (442ms)
			ReleaseScriptCaches (2ms)
			RebuildScriptCaches (59ms)
			SetupLoadedEditorAssemblies (755ms)
				LogAssemblyErrors (0ms)
				InitializePlatformSupportModulesInManaged (19ms)
				SetLoadedEditorAssemblies (1ms)
				RefreshPlugins (2ms)
				BeforeProcessingInitializeOnLoad (97ms)
				ProcessInitializeOnLoadAttributes (394ms)
				ProcessInitializeOnLoadMethodAttributes (233ms)
				AfterProcessingInitializeOnLoad (9ms)
				EditorAssembliesLoaded (1ms)
			ExecutionOrderSort2 (0ms)
			AwakeInstancesAfterBackupRestoration (7ms)
Platform modules already initialized, skipping
Refreshing native plugins compatible for Editor in 8.56 ms, found 3 plugins.
Preloading 0 native plugins for Editor in 0.00 ms.
Unloading 4785 Unused Serialized files (Serialized files now loaded: 0)
Unloading 72 unused Assets / (1.4 MB). Loaded Objects now: 5332.
Memory consumption went from 267.3 MB to 265.9 MB.
Total: 12.843000 ms (FindLiveObjects: 0.618400 ms CreateObjectMapping: 0.537300 ms MarkObjects: 11.369200 ms  DeleteObjects: 0.316600 ms)

AssetImportParameters requested are different than current active one (requested -> active):
  custom:video-decoder-ogg-theora: a1e56fd34408186e4bbccfd4996cb3dc -> 
  custom:container-muxer-webm: aa71ff27fc2769a1b78a27578f13a17b -> 
  custom:container-demuxer-webm: 4f35f7cbe854078d1ac9338744f61a02 -> 
  custom:video-encoder-webm-vp8: eb34c28f22e8b96e1ab97ce403110664 -> 
  custom:audio-encoder-webm-vorbis: bf7c407c2cedff20999df2af8eb42d56 -> 
  custom:framework-win-MediaFoundation: 216162199b28c13a410421893ffa2e32 -> 
  custom:container-demuxer-ogg: 62fdf1f143b41e24485cea50d1cbac27 -> 
  custom:video-decoder-webm-vp8: 9c59270c3fd7afecdb556c50c9e8de78 -> 
  custom:audio-decoder-ogg-vorbis: bf7c407c2cedff20999df2af8eb42d56 -> 
========================================================================
Received Prepare
Registering precompiled user dll's ...
Registered in 0.008275 seconds.
Begin MonoManager ReloadAssembly
Symbol file LoadedFromMemory doesn't match image D:\CS-583-Final-Project\Final Project Game\Library\PackageCache\com.unity.visualscripting@1.7.8\Editor\VisualScripting.Core\Dependencies\DotNetZip\Unity.VisualScripting.IonicZip.dll
Symbol file LoadedFromMemory doesn't match image D:\CS-583-Final-Project\Final Project Game\Library\PackageCache\com.unity.visualscripting@1.7.8\Editor\VisualScripting.Core\Dependencies\YamlDotNet\Unity.VisualScripting.YamlDotNet.dll
Native extension for WindowsStandalone target not found
Native extension for WebGL target not found
Refreshing native plugins compatible for Editor in 1.82 ms, found 3 plugins.
Preloading 0 native plugins for Editor in 0.00 ms.
Mono: successfully reloaded assembly
- Completed reload, in  1.711 seconds
Domain Reload Profiling:
	ReloadAssembly (1712ms)
		BeginReloadAssembly (193ms)
			ExecutionOrderSort (0ms)
			DisableScriptedObjects (9ms)
			BackupInstance (0ms)
			ReleaseScriptingObjects (0ms)
			CreateAndSetChildDomain (64ms)
		EndReloadAssembly (1382ms)
			LoadAssemblies (138ms)
			RebuildTransferFunctionScriptingTraits (0ms)
			SetupTypeCache (430ms)
			ReleaseScriptCaches (3ms)
			RebuildScriptCaches (58ms)
			SetupLoadedEditorAssemblies (700ms)
				LogAssemblyErrors (0ms)
				InitializePlatformSupportModulesInManaged (16ms)
				SetLoadedEditorAssemblies (0ms)
				RefreshPlugins (2ms)
				BeforeProcessingInitializeOnLoad (88ms)
				ProcessInitializeOnLoadAttributes (404ms)
				ProcessInitializeOnLoadMethodAttributes (183ms)
				AfterProcessingInitializeOnLoad (7ms)
				EditorAssembliesLoaded (0ms)
			ExecutionOrderSort2 (0ms)
			AwakeInstancesAfterBackupRestoration (7ms)
Platform modules already initialized, skipping
Refreshing native plugins compatible for Editor in 5.56 ms, found 3 plugins.
Preloading 0 native plugins for Editor in 0.00 ms.
Unloading 4785 Unused Serialized files (Serialized files now loaded: 0)
Unloading 72 unused Assets / (1.4 MB). Loaded Objects now: 5347.
Memory consumption went from 267.3 MB to 265.9 MB.
Total: 8.180800 ms (FindLiveObjects: 0.354300 ms CreateObjectMapping: 0.266800 ms MarkObjects: 7.152900 ms  DeleteObjects: 0.404900 ms)

AssetImportParameters requested are different than current active one (requested -> active):
  custom:video-decoder-ogg-theora: a1e56fd34408186e4bbccfd4996cb3dc -> 
  custom:container-muxer-webm: aa71ff27fc2769a1b78a27578f13a17b -> 
  custom:container-demuxer-webm: 4f35f7cbe854078d1ac9338744f61a02 -> 
  custom:video-encoder-webm-vp8: eb34c28f22e8b96e1ab97ce403110664 -> 
  custom:audio-encoder-webm-vorbis: bf7c407c2cedff20999df2af8eb42d56 -> 
  custom:framework-win-MediaFoundation: 216162199b28c13a410421893ffa2e32 -> 
  custom:container-demuxer-ogg: 62fdf1f143b41e24485cea50d1cbac27 -> 
  custom:video-decoder-webm-vp8: 9c59270c3fd7afecdb556c50c9e8de78 -> 
  custom:audio-decoder-ogg-vorbis: bf7c407c2cedff20999df2af8eb42d56 -> 
========================================================================
Received Prepare
Registering precompiled user dll's ...
Registered in 0.008694 seconds.
Begin MonoManager ReloadAssembly
Symbol file LoadedFromMemory doesn't match image D:\CS-583-Final-Project\Final Project Game\Library\PackageCache\com.unity.visualscripting@1.7.8\Editor\VisualScripting.Core\Dependencies\DotNetZip\Unity.VisualScripting.IonicZip.dll
Symbol file LoadedFromMemory doesn't match image D:\CS-583-Final-Project\Final Project Game\Library\PackageCache\com.unity.visualscripting@1.7.8\Editor\VisualScripting.Core\Dependencies\YamlDotNet\Unity.VisualScripting.YamlDotNet.dll
Native extension for WindowsStandalone target not found
Native extension for WebGL target not found
Refreshing native plugins compatible for Editor in 2.16 ms, found 3 plugins.
Preloading 0 native plugins for Editor in 0.00 ms.
Mono: successfully reloaded assembly
- Completed reload, in  1.682 seconds
Domain Reload Profiling:
	ReloadAssembly (1683ms)
		BeginReloadAssembly (219ms)
			ExecutionOrderSort (0ms)
			DisableScriptedObjects (9ms)
			BackupInstance (0ms)
			ReleaseScriptingObjects (0ms)
			CreateAndSetChildDomain (69ms)
		EndReloadAssembly (1339ms)
			LoadAssemblies (151ms)
			RebuildTransferFunctionScriptingTraits (0ms)
			SetupTypeCache (409ms)
			ReleaseScriptCaches (2ms)
			RebuildScriptCaches (55ms)
			SetupLoadedEditorAssemblies (669ms)
				LogAssemblyErrors (0ms)
				InitializePlatformSupportModulesInManaged (17ms)
				SetLoadedEditorAssemblies (1ms)
				RefreshPlugins (2ms)
				BeforeProcessingInitializeOnLoad (94ms)
				ProcessInitializeOnLoadAttributes (354ms)
				ProcessInitializeOnLoadMethodAttributes (195ms)
				AfterProcessingInitializeOnLoad (7ms)
				EditorAssembliesLoaded (0ms)
			ExecutionOrderSort2 (0ms)
			AwakeInstancesAfterBackupRestoration (10ms)
Platform modules already initialized, skipping
Refreshing native plugins compatible for Editor in 6.29 ms, found 3 plugins.
Preloading 0 native plugins for Editor in 0.00 ms.
Unloading 4785 Unused Serialized files (Serialized files now loaded: 0)
Unloading 72 unused Assets / (1.4 MB). Loaded Objects now: 5362.
Memory consumption went from 267.2 MB to 265.8 MB.
Total: 10.062800 ms (FindLiveObjects: 0.406000 ms CreateObjectMapping: 0.162900 ms MarkObjects: 8.991800 ms  DeleteObjects: 0.500000 ms)

AssetImportParameters requested are different than current active one (requested -> active):
  custom:video-decoder-ogg-theora: a1e56fd34408186e4bbccfd4996cb3dc -> 
  custom:container-muxer-webm: aa71ff27fc2769a1b78a27578f13a17b -> 
  custom:container-demuxer-webm: 4f35f7cbe854078d1ac9338744f61a02 -> 
  custom:video-encoder-webm-vp8: eb34c28f22e8b96e1ab97ce403110664 -> 
  custom:audio-encoder-webm-vorbis: bf7c407c2cedff20999df2af8eb42d56 -> 
  custom:framework-win-MediaFoundation: 216162199b28c13a410421893ffa2e32 -> 
  custom:container-demuxer-ogg: 62fdf1f143b41e24485cea50d1cbac27 -> 
  custom:video-decoder-webm-vp8: 9c59270c3fd7afecdb556c50c9e8de78 -> 
  custom:audio-decoder-ogg-vorbis: bf7c407c2cedff20999df2af8eb42d56 -> 
========================================================================
Received Import Request.
  Time since last request: 9480.498823 seconds.
  path: Assets/Stylized Pirate Asset Set/Art Assets/Environments/Building/Window/Shop_solo_Window_Normal.png
  artifactKey: Guid(6cb7dfbedf49008479bd4fb187c7d8dc) Importer(815301076,1909f56bfc062723c751e8b465ee728b)
Start importing Assets/Stylized Pirate Asset Set/Art Assets/Environments/Building/Window/Shop_solo_Window_Normal.png using Guid(6cb7dfbedf49008479bd4fb187c7d8dc) Importer(815301076,1909f56bfc062723c751e8b465ee728b)  -> (artifact id: '987e2f48d708005b181e6b539183a6c4') in 0.237087 seconds 
========================================================================
Received Import Request.
  Time since last request: 3.619972 seconds.
  path: Assets/Stylized Pirate Asset Set/Art Assets/Environments/Building/Window/Shop_solo_Window_BaseColor.png
  artifactKey: Guid(ca5587670cd0f0445b4dc3df1a2833fd) Importer(815301076,1909f56bfc062723c751e8b465ee728b)
Start importing Assets/Stylized Pirate Asset Set/Art Assets/Environments/Building/Window/Shop_solo_Window_BaseColor.png using Guid(ca5587670cd0f0445b4dc3df1a2833fd) Importer(815301076,1909f56bfc062723c751e8b465ee728b)  -> (artifact id: 'e3ce5557132c22ba365a196c2eebe04c') in 0.036580 seconds 
========================================================================
Received Import Request.
  Time since last request: 72.173775 seconds.
  path: Assets/CatBorg Studio/3D Pirates Lowpoly Pack/Prefabs/07_Tavern_Banner.prefab
  artifactKey: Guid(4c3ea90e07e40b4468d424eed7335dfd) Importer(815301076,1909f56bfc062723c751e8b465ee728b)
Start importing Assets/CatBorg Studio/3D Pirates Lowpoly Pack/Prefabs/07_Tavern_Banner.prefab using Guid(4c3ea90e07e40b4468d424eed7335dfd) Importer(815301076,1909f56bfc062723c751e8b465ee728b)  -> (artifact id: '3d54d36db0faa19bf3f6bdc5be48c420') in 0.081714 seconds 
========================================================================
Received Import Request.
  Time since last request: 17.379869 seconds.
  path: Assets/CatBorg Studio/3D Pirates Lowpoly Pack/Materials
  artifactKey: Guid(57e5bcb1e8118b94c959c1bea1087f9e) Importer(815301076,1909f56bfc062723c751e8b465ee728b)
Start importing Assets/CatBorg Studio/3D Pirates Lowpoly Pack/Materials using Guid(57e5bcb1e8118b94c959c1bea1087f9e) Importer(815301076,1909f56bfc062723c751e8b465ee728b)  -> (artifact id: 'a2c7361fde98416c59bdf5c88a884aaf') in 0.016467 seconds 
========================================================================
Received Import Request.
  Time since last request: 35.993893 seconds.
  path: Assets/CatBorg Studio/3D Pirates Lowpoly Pack/Prefabs/04_CannonShop_Cannon_Cart.prefab
  artifactKey: Guid(7e24fb19154ee244698c74e28dcfc51c) Importer(815301076,1909f56bfc062723c751e8b465ee728b)
Start importing Assets/CatBorg Studio/3D Pirates Lowpoly Pack/Prefabs/04_CannonShop_Cannon_Cart.prefab using Guid(7e24fb19154ee244698c74e28dcfc51c) Importer(815301076,1909f56bfc062723c751e8b465ee728b)  -> (artifact id: 'a18902ebcfa9540c0adde76f667e1b97') in 0.032738 seconds 
========================================================================
Received Import Request.
  Time since last request: 3.326895 seconds.
  path: Assets/CatBorg Studio/3D Pirates Lowpoly Pack/Prefabs/04_CannonShop_Cannon_Mold_Crashed.prefab
  artifactKey: Guid(c9fe8eb81ebdfaa42b1ff2f2f3f83a4e) Importer(815301076,1909f56bfc062723c751e8b465ee728b)
Start importing Assets/CatBorg Studio/3D Pirates Lowpoly Pack/Prefabs/04_CannonShop_Cannon_Mold_Crashed.prefab using Guid(c9fe8eb81ebdfaa42b1ff2f2f3f83a4e) Importer(815301076,1909f56bfc062723c751e8b465ee728b)  -> (artifact id: '1408ac8786d7cbea4a701197526bd964') in 0.028870 seconds 
========================================================================
Received Import Request.
  Time since last request: 3.839542 seconds.
  path: Assets/CatBorg Studio/3D Pirates Lowpoly Pack/Prefabs/06_MusketShop_Banner.prefab
  artifactKey: Guid(2867abe7f655c6143a01ae963ab7c4f0) Importer(815301076,1909f56bfc062723c751e8b465ee728b)
Start importing Assets/CatBorg Studio/3D Pirates Lowpoly Pack/Prefabs/06_MusketShop_Banner.prefab using Guid(2867abe7f655c6143a01ae963ab7c4f0) Importer(815301076,1909f56bfc062723c751e8b465ee728b)  -> (artifact id: '0fdcb23bda79c24236d40f9295c7f230') in 0.036844 seconds 
========================================================================
Received Import Request.
  Time since last request: 23.626827 seconds.
  path: Assets/SyntyStudios/PolygonStarter/PolygonPrototype/Prefabs/Buildings/Simple/SM_Buildings_WallChamfered_1x1_01.prefab
  artifactKey: Guid(1222d2e9b6ea4c8478d75934e9a98b46) Importer(815301076,1909f56bfc062723c751e8b465ee728b)
Start importing Assets/SyntyStudios/PolygonStarter/PolygonPrototype/Prefabs/Buildings/Simple/SM_Buildings_WallChamfered_1x1_01.prefab using Guid(1222d2e9b6ea4c8478d75934e9a98b46) Importer(815301076,1909f56bfc062723c751e8b465ee728b)  -> (artifact id: 'ef53ab60590dd94c0c18b06ce7ba2090') in 0.290807 seconds 
========================================================================
Received Import Request.
  Time since last request: 15.354940 seconds.
  path: Assets/SyntyStudios/PolygonStarter/PolygonPrototype/Prefabs/Buildings/Simple/SM_Buildings_WallCurved_1x1_01.prefab
  artifactKey: Guid(17e0b2b899954964ba707a1a2fcaf43a) Importer(815301076,1909f56bfc062723c751e8b465ee728b)
Start importing Assets/SyntyStudios/PolygonStarter/PolygonPrototype/Prefabs/Buildings/Simple/SM_Buildings_WallCurved_1x1_01.prefab using Guid(17e0b2b899954964ba707a1a2fcaf43a) Importer(815301076,1909f56bfc062723c751e8b465ee728b)  -> (artifact id: '5cdc040140c78a2aafa4b8080fa3044b') in 0.029851 seconds 
========================================================================
Received Import Request.
  Time since last request: 3.138712 seconds.
  path: Assets/SyntyStudios/PolygonStarter/PolygonPrototype/Prefabs/Buildings/Polygon/SM_Buildings_WallDoor_2x3_01P.prefab
  artifactKey: Guid(ae8ce1c258125ac4db2163e712c99949) Importer(815301076,1909f56bfc062723c751e8b465ee728b)
Start importing Assets/SyntyStudios/PolygonStarter/PolygonPrototype/Prefabs/Buildings/Polygon/SM_Buildings_WallDoor_2x3_01P.prefab using Guid(ae8ce1c258125ac4db2163e712c99949) Importer(815301076,1909f56bfc062723c751e8b465ee728b)  -> (artifact id: '192403424feae417d05fa7f079f3018c') in 0.031796 seconds 
========================================================================
Received Import Request.
  Time since last request: 9.605227 seconds.
  path: Assets/Stylized Pirate Asset Set/Art Assets/Environments/Building
  artifactKey: Guid(52ab979acdf929843a6bc72477634660) Importer(815301076,1909f56bfc062723c751e8b465ee728b)
Start importing Assets/Stylized Pirate Asset Set/Art Assets/Environments/Building using Guid(52ab979acdf929843a6bc72477634660) Importer(815301076,1909f56bfc062723c751e8b465ee728b)  -> (artifact id: 'b9d956b9141f70fcae8ac2746c32b262') in 0.018694 seconds 
========================================================================
Received Import Request.
  Time since last request: 21.825407 seconds.
  path: Assets/CatBorg Studio/3D Pirates Lowpoly Pack/Prefabs/01_House_1.prefab
  artifactKey: Guid(67c9d86fe5b7e6d4091c169d70fbe35e) Importer(815301076,1909f56bfc062723c751e8b465ee728b)
Start importing Assets/CatBorg Studio/3D Pirates Lowpoly Pack/Prefabs/01_House_1.prefab using Guid(67c9d86fe5b7e6d4091c169d70fbe35e) Importer(815301076,1909f56bfc062723c751e8b465ee728b)  -> (artifact id: 'cdc4eecc2ad335b57552c26681f8f002') in 0.036297 seconds 
========================================================================
Received Import Request.
  Time since last request: 43.095723 seconds.
  path: Assets/CatBorg Studio/3D Pirates Lowpoly Pack/Prefabs/02_Market_Barrel_WithCrane.prefab
  artifactKey: Guid(dfa6b47b89aa97c4fb50a2f4bf0f00d2) Importer(815301076,1909f56bfc062723c751e8b465ee728b)
Start importing Assets/CatBorg Studio/3D Pirates Lowpoly Pack/Prefabs/02_Market_Barrel_WithCrane.prefab using Guid(dfa6b47b89aa97c4fb50a2f4bf0f00d2) Importer(815301076,1909f56bfc062723c751e8b465ee728b)  -> (artifact id: '48cfb51d2cb9f39ef49704fa20358363') in 0.036557 seconds 
========================================================================
Received Import Request.
  Time since last request: 7.824557 seconds.
  path: Assets/CatBorg Studio/3D Pirates Lowpoly Pack/Prefabs/03_FishermanHouse_Bucket_Fishes.prefab
  artifactKey: Guid(11155f3f7bda9eb41903041db49c1b19) Importer(815301076,1909f56bfc062723c751e8b465ee728b)
Start importing Assets/CatBorg Studio/3D Pirates Lowpoly Pack/Prefabs/03_FishermanHouse_Bucket_Fishes.prefab using Guid(11155f3f7bda9eb41903041db49c1b19) Importer(815301076,1909f56bfc062723c751e8b465ee728b)  -> (artifact id: 'f5829cee30c3ce73721104898b00e91b') in 0.032208 seconds 
========================================================================
Received Import Request.
  Time since last request: 2.675317 seconds.
  path: Assets/CatBorg Studio/3D Pirates Lowpoly Pack/Prefabs/03_FishermanHouse_Banner_BigFish.prefab
  artifactKey: Guid(2685b11b50a4a9143ad61cec63d3d166) Importer(815301076,1909f56bfc062723c751e8b465ee728b)
Start importing Assets/CatBorg Studio/3D Pirates Lowpoly Pack/Prefabs/03_FishermanHouse_Banner_BigFish.prefab using Guid(2685b11b50a4a9143ad61cec63d3d166) Importer(815301076,1909f56bfc062723c751e8b465ee728b)  -> (artifact id: '0cce78b8b8162fb6885dc6567b20f606') in 0.029412 seconds 
========================================================================
Received Import Request.
  Time since last request: 3.595308 seconds.
  path: Assets/CatBorg Studio/3D Pirates Lowpoly Pack/Prefabs/03_FishermanHouse_FishermanStand_5.prefab
  artifactKey: Guid(b568ad3ae8d22a54383ca664b77b58cd) Importer(815301076,1909f56bfc062723c751e8b465ee728b)
Start importing Assets/CatBorg Studio/3D Pirates Lowpoly Pack/Prefabs/03_FishermanHouse_FishermanStand_5.prefab using Guid(b568ad3ae8d22a54383ca664b77b58cd) Importer(815301076,1909f56bfc062723c751e8b465ee728b)  -> (artifact id: '28e0f251f3398db558088811047ad084') in 0.042824 seconds 
========================================================================
Received Import Request.
  Time since last request: 1.839472 seconds.
  path: Assets/CatBorg Studio/3D Pirates Lowpoly Pack/Prefabs/03_FishermanHouse_FishTrap.prefab
  artifactKey: Guid(99be4f0b47e59b34781dc43c70252c22) Importer(815301076,1909f56bfc062723c751e8b465ee728b)
Start importing Assets/CatBorg Studio/3D Pirates Lowpoly Pack/Prefabs/03_FishermanHouse_FishTrap.prefab using Guid(99be4f0b47e59b34781dc43c70252c22) Importer(815301076,1909f56bfc062723c751e8b465ee728b)  -> (artifact id: 'a0f3558d5b032e6082763641aa320c81') in 0.038553 seconds 
========================================================================
Received Import Request.
  Time since last request: 5.501817 seconds.
  path: Assets/CatBorg Studio/3D Pirates Lowpoly Pack/Prefabs/05_Destilery_Rum_Bottle_2.prefab
  artifactKey: Guid(ee7949998c0b4fc4993de37bc53400b5) Importer(815301076,1909f56bfc062723c751e8b465ee728b)
Start importing Assets/CatBorg Studio/3D Pirates Lowpoly Pack/Prefabs/05_Destilery_Rum_Bottle_2.prefab using Guid(ee7949998c0b4fc4993de37bc53400b5) Importer(815301076,1909f56bfc062723c751e8b465ee728b)  -> (artifact id: '0ec0bd9137a267da4909664f31b4119a') in 0.044572 seconds 
