Using pre-set license
Built from '2021.3/release' branch; Version is '2021.3.12f1 (8af3c3e441b1) revision 9106371'; Using compiler version '192829333'; Build Type 'Release'
OS: 'Windows 11  (10.0.22000) 64bit Core' Language: 'en' Physical Memory: 32547 MB
BatchMode: 1, IsHumanControllingUs: 0, StartBugReporterOnCrash: 0, Is64bit: 1, IsPro: 1

COMMAND LINE ARGUMENTS:
C:\Program Files\Unity 2021.3.12f1\Editor\Unity.exe
-adb2
-batchMode
-noUpm
-name
AssetImportWorker2
-projectPath
D:/CS-583-Final-Project/Final Project Game
-logFile
Logs/AssetImportWorker2.log
-srvPort
63794
Successfully changed project path to: D:/CS-583-Final-Project/Final Project Game
D:/CS-583-Final-Project/Final Project Game
[UnityMemory] Configuration Parameters - Can be set up in boot.config
    "memorysetup-bucket-allocator-granularity=16"
    "memorysetup-bucket-allocator-bucket-count=8"
    "memorysetup-bucket-allocator-block-size=33554432"
    "memorysetup-bucket-allocator-block-count=8"
    "memorysetup-main-allocator-block-size=16777216"
    "memorysetup-thread-allocator-block-size=16777216"
    "memorysetup-gfx-main-allocator-block-size=16777216"
    "memorysetup-gfx-thread-allocator-block-size=16777216"
    "memorysetup-cache-allocator-block-size=4194304"
    "memorysetup-typetree-allocator-block-size=2097152"
    "memorysetup-profiler-bucket-allocator-granularity=16"
    "memorysetup-profiler-bucket-allocator-bucket-count=8"
    "memorysetup-profiler-bucket-allocator-block-size=33554432"
    "memorysetup-profiler-bucket-allocator-block-count=8"
    "memorysetup-profiler-allocator-block-size=16777216"
    "memorysetup-profiler-editor-allocator-block-size=1048576"
    "memorysetup-temp-allocator-size-main=16777216"
    "memorysetup-job-temp-allocator-block-size=2097152"
    "memorysetup-job-temp-allocator-block-size-background=1048576"
    "memorysetup-job-temp-allocator-reduction-small-platforms=262144"
    "memorysetup-temp-allocator-size-background-worker=32768"
    "memorysetup-temp-allocator-size-job-worker=262144"
    "memorysetup-temp-allocator-size-preload-manager=33554432"
    "memorysetup-temp-allocator-size-nav-mesh-worker=65536"
    "memorysetup-temp-allocator-size-audio-worker=65536"
    "memorysetup-temp-allocator-size-cloud-worker=32768"
    "memorysetup-temp-allocator-size-gi-baking-worker=262144"
    "memorysetup-temp-allocator-size-gfx=262144"
Refreshing native plugins compatible for Editor in 193.04 ms, found 3 plugins.
Preloading 0 native plugins for Editor in 0.00 ms.
Initialize engine version: 2021.3.12f1 (8af3c3e441b1)
[Subsystems] Discovering subsystems at path C:/Program Files/Unity 2021.3.12f1/Editor/Data/Resources/UnitySubsystems
[Subsystems] Discovering subsystems at path D:/CS-583-Final-Project/Final Project Game/Assets
GfxDevice: creating device client; threaded=0; jobified=0
Direct3D:
    Version:  Direct3D 11.0 [level 11.1]
    Renderer: NVIDIA GeForce RTX 3050 Ti Laptop GPU (ID=0x25a0)
    Vendor:   NVIDIA
    VRAM:     3990 MB
    Driver:   27.21.14.6262
Initialize mono
Mono path[0] = 'C:/Program Files/Unity 2021.3.12f1/Editor/Data/Managed'
Mono path[1] = 'C:/Program Files/Unity 2021.3.12f1/Editor/Data/MonoBleedingEdge/lib/mono/unityjit-win32'
Mono config path = 'C:/Program Files/Unity 2021.3.12f1/Editor/Data/MonoBleedingEdge/etc'
Using monoOptions --debugger-agent=transport=dt_socket,embedding=1,server=y,suspend=n,address=127.0.0.1:56176
Begin MonoManager ReloadAssembly
Registering precompiled unity dll's ...
Register platform support module: C:/Program Files/Unity 2021.3.12f1/Editor/Data/PlaybackEngines/WebGLSupport/UnityEditor.WebGL.Extensions.dll
Register platform support module: C:/Program Files/Unity 2021.3.12f1/Editor/Data/PlaybackEngines/WindowsStandaloneSupport/UnityEditor.WindowsStandalone.Extensions.dll
Registered in 0.005006 seconds.
Native extension for WindowsStandalone target not found
Native extension for WebGL target not found
Refreshing native plugins compatible for Editor in 133.86 ms, found 3 plugins.
Preloading 0 native plugins for Editor in 0.00 ms.
Mono: successfully reloaded assembly
- Completed reload, in  0.650 seconds
Domain Reload Profiling:
	ReloadAssembly (650ms)
		BeginReloadAssembly (69ms)
			ExecutionOrderSort (0ms)
			DisableScriptedObjects (0ms)
			BackupInstance (0ms)
			ReleaseScriptingObjects (0ms)
			CreateAndSetChildDomain (1ms)
		EndReloadAssembly (472ms)
			LoadAssemblies (66ms)
			RebuildTransferFunctionScriptingTraits (0ms)
			SetupTypeCache (98ms)
			ReleaseScriptCaches (0ms)
			RebuildScriptCaches (25ms)
			SetupLoadedEditorAssemblies (303ms)
				LogAssemblyErrors (0ms)
				InitializePlatformSupportModulesInManaged (7ms)
				SetLoadedEditorAssemblies (0ms)
				RefreshPlugins (134ms)
				BeforeProcessingInitializeOnLoad (1ms)
				ProcessInitializeOnLoadAttributes (122ms)
				ProcessInitializeOnLoadMethodAttributes (39ms)
				AfterProcessingInitializeOnLoad (0ms)
				EditorAssembliesLoaded (0ms)
			ExecutionOrderSort2 (0ms)
			AwakeInstancesAfterBackupRestoration (0ms)
Platform modules already initialized, skipping
Registering precompiled user dll's ...
Registered in 0.005766 seconds.
Begin MonoManager ReloadAssembly
Symbol file LoadedFromMemory doesn't match image D:\CS-583-Final-Project\Final Project Game\Library\PackageCache\com.unity.visualscripting@1.7.8\Editor\VisualScripting.Core\Dependencies\DotNetZip\Unity.VisualScripting.IonicZip.dll
Symbol file LoadedFromMemory doesn't match image D:\CS-583-Final-Project\Final Project Game\Library\PackageCache\com.unity.visualscripting@1.7.8\Editor\VisualScripting.Core\Dependencies\YamlDotNet\Unity.VisualScripting.YamlDotNet.dll
Native extension for WindowsStandalone target not found
Native extension for WebGL target not found
Refreshing native plugins compatible for Editor in 130.90 ms, found 3 plugins.
Preloading 0 native plugins for Editor in 0.00 ms.
Package Manager log level set to [2]
Mono: successfully reloaded assembly
- Completed reload, in  1.343 seconds
Domain Reload Profiling:
	ReloadAssembly (1343ms)
		BeginReloadAssembly (98ms)
			ExecutionOrderSort (0ms)
			DisableScriptedObjects (5ms)
			BackupInstance (0ms)
			ReleaseScriptingObjects (0ms)
			CreateAndSetChildDomain (19ms)
		EndReloadAssembly (1140ms)
			LoadAssemblies (97ms)
			RebuildTransferFunctionScriptingTraits (0ms)
			SetupTypeCache (266ms)
			ReleaseScriptCaches (1ms)
			RebuildScriptCaches (62ms)
			SetupLoadedEditorAssemblies (671ms)
				LogAssemblyErrors (0ms)
				InitializePlatformSupportModulesInManaged (4ms)
				SetLoadedEditorAssemblies (0ms)
				RefreshPlugins (131ms)
				BeforeProcessingInitializeOnLoad (96ms)
				ProcessInitializeOnLoadAttributes (306ms)
				ProcessInitializeOnLoadMethodAttributes (129ms)
				AfterProcessingInitializeOnLoad (5ms)
				EditorAssembliesLoaded (0ms)
			ExecutionOrderSort2 (0ms)
			AwakeInstancesAfterBackupRestoration (5ms)
Platform modules already initialized, skipping
========================================================================
Worker process is ready to serve import requests
Launched and connected shader compiler UnityShaderCompiler.exe after 0.04 seconds
Refreshing native plugins compatible for Editor in 3.40 ms, found 3 plugins.
Preloading 0 native plugins for Editor in 0.00 ms.
Unloading 4832 Unused Serialized files (Serialized files now loaded: 0)
Unloading 96 unused Assets / (1.4 MB). Loaded Objects now: 5275.
Memory consumption went from 267.1 MB to 265.8 MB.
Total: 11.045400 ms (FindLiveObjects: 0.572000 ms CreateObjectMapping: 0.430100 ms MarkObjects: 9.533300 ms  DeleteObjects: 0.508100 ms)

AssetImportParameters requested are different than current active one (requested -> active):
  custom:video-decoder-ogg-theora: a1e56fd34408186e4bbccfd4996cb3dc -> 
  custom:container-muxer-webm: aa71ff27fc2769a1b78a27578f13a17b -> 
  custom:container-demuxer-webm: 4f35f7cbe854078d1ac9338744f61a02 -> 
  custom:video-encoder-webm-vp8: eb34c28f22e8b96e1ab97ce403110664 -> 
  custom:audio-encoder-webm-vorbis: bf7c407c2cedff20999df2af8eb42d56 -> 
  custom:framework-win-MediaFoundation: 216162199b28c13a410421893ffa2e32 -> 
  custom:container-demuxer-ogg: 62fdf1f143b41e24485cea50d1cbac27 -> 
  custom:video-decoder-webm-vp8: 9c59270c3fd7afecdb556c50c9e8de78 -> 
  custom:audio-decoder-ogg-vorbis: bf7c407c2cedff20999df2af8eb42d56 -> 
========================================================================
Received Import Request.
  Time since last request: 244314.797844 seconds.
  path: Assets/FC Pirate Music Pack [Lite]/Music/Adventure Inn Section 4.wav
  artifactKey: Guid(afe2299094d184ebbaf562bce28e604e) Importer(815301076,1909f56bfc062723c751e8b465ee728b)
Start importing Assets/FC Pirate Music Pack [Lite]/Music/Adventure Inn Section 4.wav using Guid(afe2299094d184ebbaf562bce28e604e) Importer(815301076,1909f56bfc062723c751e8b465ee728b)  -> (artifact id: '161629857fdb53222b1ec949ff5a68c9') in 0.266047 seconds 
========================================================================
Received Import Request.
  Time since last request: 0.000023 seconds.
  path: Assets/FC Pirate Music Pack [Lite]/Music/Adventure Inn Section 2.wav
  artifactKey: Guid(9d98899e9ab8f4714b1e7addcde43896) Importer(815301076,1909f56bfc062723c751e8b465ee728b)
Start importing Assets/FC Pirate Music Pack [Lite]/Music/Adventure Inn Section 2.wav using Guid(9d98899e9ab8f4714b1e7addcde43896) Importer(815301076,1909f56bfc062723c751e8b465ee728b)  -> (artifact id: 'cbd0cce9137c9bafb7ca46f09da5cb8c') in 0.028871 seconds 
========================================================================
Received Import Request.
  Time since last request: 0.000153 seconds.
  path: Assets/FC Pirate Music Pack [Lite]/Music/Adventure Inn Full Mix.wav
  artifactKey: Guid(6a222603e1c254910bd40d483aef28b0) Importer(815301076,1909f56bfc062723c751e8b465ee728b)
Start importing Assets/FC Pirate Music Pack [Lite]/Music/Adventure Inn Full Mix.wav using Guid(6a222603e1c254910bd40d483aef28b0) Importer(815301076,1909f56bfc062723c751e8b465ee728b)  -> (artifact id: '8e3d999478bc80a13a35b8595d5767d1') in 0.017158 seconds 
========================================================================
Received Prepare
Registering precompiled user dll's ...
Registered in 0.006137 seconds.
Begin MonoManager ReloadAssembly
Symbol file LoadedFromMemory doesn't match image D:\CS-583-Final-Project\Final Project Game\Library\PackageCache\com.unity.visualscripting@1.7.8\Editor\VisualScripting.Core\Dependencies\DotNetZip\Unity.VisualScripting.IonicZip.dll
Symbol file LoadedFromMemory doesn't match image D:\CS-583-Final-Project\Final Project Game\Library\PackageCache\com.unity.visualscripting@1.7.8\Editor\VisualScripting.Core\Dependencies\YamlDotNet\Unity.VisualScripting.YamlDotNet.dll
Native extension for WindowsStandalone target not found
Native extension for WebGL target not found
Refreshing native plugins compatible for Editor in 1.86 ms, found 3 plugins.
Preloading 0 native plugins for Editor in 0.00 ms.
Mono: successfully reloaded assembly
- Completed reload, in  1.460 seconds
Domain Reload Profiling:
	ReloadAssembly (1461ms)
		BeginReloadAssembly (160ms)
			ExecutionOrderSort (0ms)
			DisableScriptedObjects (5ms)
			BackupInstance (0ms)
			ReleaseScriptingObjects (0ms)
			CreateAndSetChildDomain (55ms)
		EndReloadAssembly (1182ms)
			LoadAssemblies (114ms)
			RebuildTransferFunctionScriptingTraits (0ms)
			SetupTypeCache (350ms)
			ReleaseScriptCaches (2ms)
			RebuildScriptCaches (56ms)
			SetupLoadedEditorAssemblies (605ms)
				LogAssemblyErrors (0ms)
				InitializePlatformSupportModulesInManaged (15ms)
				SetLoadedEditorAssemblies (0ms)
				RefreshPlugins (2ms)
				BeforeProcessingInitializeOnLoad (87ms)
				ProcessInitializeOnLoadAttributes (329ms)
				ProcessInitializeOnLoadMethodAttributes (163ms)
				AfterProcessingInitializeOnLoad (7ms)
				EditorAssembliesLoaded (0ms)
			ExecutionOrderSort2 (0ms)
			AwakeInstancesAfterBackupRestoration (7ms)
Platform modules already initialized, skipping
Refreshing native plugins compatible for Editor in 5.04 ms, found 3 plugins.
Preloading 0 native plugins for Editor in 0.00 ms.
Unloading 4785 Unused Serialized files (Serialized files now loaded: 0)
Unloading 72 unused Assets / (1.4 MB). Loaded Objects now: 5300.
Memory consumption went from 267.0 MB to 265.6 MB.
Total: 8.224900 ms (FindLiveObjects: 0.389000 ms CreateObjectMapping: 0.217700 ms MarkObjects: 6.908600 ms  DeleteObjects: 0.708300 ms)

AssetImportParameters requested are different than current active one (requested -> active):
  custom:video-decoder-ogg-theora: a1e56fd34408186e4bbccfd4996cb3dc -> 
  custom:container-muxer-webm: aa71ff27fc2769a1b78a27578f13a17b -> 
  custom:container-demuxer-webm: 4f35f7cbe854078d1ac9338744f61a02 -> 
  custom:video-encoder-webm-vp8: eb34c28f22e8b96e1ab97ce403110664 -> 
  custom:audio-encoder-webm-vorbis: bf7c407c2cedff20999df2af8eb42d56 -> 
  custom:framework-win-MediaFoundation: 216162199b28c13a410421893ffa2e32 -> 
  custom:container-demuxer-ogg: 62fdf1f143b41e24485cea50d1cbac27 -> 
  custom:video-decoder-webm-vp8: 9c59270c3fd7afecdb556c50c9e8de78 -> 
  custom:audio-decoder-ogg-vorbis: bf7c407c2cedff20999df2af8eb42d56 -> 
========================================================================
Received Import Request.
  Time since last request: 99.327715 seconds.
  path: Assets/Creator Kit - FPS/Data/PhysicMaterials/Pill_PhysicMaterial.physicMaterial
  artifactKey: Guid(97efb429506bf91448b128ca0cca5245) Importer(815301076,1909f56bfc062723c751e8b465ee728b)
Start importing Assets/Creator Kit - FPS/Data/PhysicMaterials/Pill_PhysicMaterial.physicMaterial using Guid(97efb429506bf91448b128ca0cca5245) Importer(815301076,1909f56bfc062723c751e8b465ee728b)  -> (artifact id: 'fef4049898744805c990e0d3bcbaa194') in 0.033509 seconds 
========================================================================
Received Prepare
Registering precompiled user dll's ...
Registered in 0.005785 seconds.
Begin MonoManager ReloadAssembly
Symbol file LoadedFromMemory doesn't match image D:\CS-583-Final-Project\Final Project Game\Library\PackageCache\com.unity.visualscripting@1.7.8\Editor\VisualScripting.Core\Dependencies\DotNetZip\Unity.VisualScripting.IonicZip.dll
Symbol file LoadedFromMemory doesn't match image D:\CS-583-Final-Project\Final Project Game\Library\PackageCache\com.unity.visualscripting@1.7.8\Editor\VisualScripting.Core\Dependencies\YamlDotNet\Unity.VisualScripting.YamlDotNet.dll
Native extension for WindowsStandalone target not found
Native extension for WebGL target not found
Refreshing native plugins compatible for Editor in 1.54 ms, found 3 plugins.
Preloading 0 native plugins for Editor in 0.00 ms.
Mono: successfully reloaded assembly
- Completed reload, in  1.414 seconds
Domain Reload Profiling:
	ReloadAssembly (1415ms)
		BeginReloadAssembly (135ms)
			ExecutionOrderSort (0ms)
			DisableScriptedObjects (5ms)
			BackupInstance (0ms)
			ReleaseScriptingObjects (0ms)
			CreateAndSetChildDomain (53ms)
		EndReloadAssembly (1182ms)
			LoadAssemblies (94ms)
			RebuildTransferFunctionScriptingTraits (0ms)
			SetupTypeCache (333ms)
			ReleaseScriptCaches (2ms)
			RebuildScriptCaches (57ms)
			SetupLoadedEditorAssemblies (621ms)
				LogAssemblyErrors (0ms)
				InitializePlatformSupportModulesInManaged (20ms)
				SetLoadedEditorAssemblies (0ms)
				RefreshPlugins (2ms)
				BeforeProcessingInitializeOnLoad (84ms)
				ProcessInitializeOnLoadAttributes (339ms)
				ProcessInitializeOnLoadMethodAttributes (168ms)
				AfterProcessingInitializeOnLoad (7ms)
				EditorAssembliesLoaded (1ms)
			ExecutionOrderSort2 (0ms)
			AwakeInstancesAfterBackupRestoration (7ms)
Platform modules already initialized, skipping
Refreshing native plugins compatible for Editor in 6.17 ms, found 3 plugins.
Preloading 0 native plugins for Editor in 0.00 ms.
Unloading 4785 Unused Serialized files (Serialized files now loaded: 0)
Unloading 72 unused Assets / (1.4 MB). Loaded Objects now: 5315.
Memory consumption went from 267.0 MB to 265.6 MB.
Total: 7.068400 ms (FindLiveObjects: 0.396200 ms CreateObjectMapping: 0.180600 ms MarkObjects: 6.147700 ms  DeleteObjects: 0.342200 ms)

AssetImportParameters requested are different than current active one (requested -> active):
  custom:video-decoder-ogg-theora: a1e56fd34408186e4bbccfd4996cb3dc -> 
  custom:container-muxer-webm: aa71ff27fc2769a1b78a27578f13a17b -> 
  custom:container-demuxer-webm: 4f35f7cbe854078d1ac9338744f61a02 -> 
  custom:video-encoder-webm-vp8: eb34c28f22e8b96e1ab97ce403110664 -> 
  custom:audio-encoder-webm-vorbis: bf7c407c2cedff20999df2af8eb42d56 -> 
  custom:framework-win-MediaFoundation: 216162199b28c13a410421893ffa2e32 -> 
  custom:container-demuxer-ogg: 62fdf1f143b41e24485cea50d1cbac27 -> 
  custom:video-decoder-webm-vp8: 9c59270c3fd7afecdb556c50c9e8de78 -> 
  custom:audio-decoder-ogg-vorbis: bf7c407c2cedff20999df2af8eb42d56 -> 
========================================================================
Received Import Request.
  Time since last request: 96.197379 seconds.
  path: Assets/WoodPack/Meshes/wood_scen.FBX
  artifactKey: Guid(f99d388277d4fdb4393f85321b9e45e8) Importer(815301076,1909f56bfc062723c751e8b465ee728b)
Start importing Assets/WoodPack/Meshes/wood_scen.FBX using Guid(f99d388277d4fdb4393f85321b9e45e8) Importer(815301076,1909f56bfc062723c751e8b465ee728b)  -> (artifact id: '10083c65167a5ff7bbc82674936bb5a7') in 0.196948 seconds 
========================================================================
Received Import Request.
  Time since last request: 11.276987 seconds.
  path: Assets/WoodPack/Meshes/bottle_2.fbx
  artifactKey: Guid(d5dd1e2529331ba4d86e6eb692634e01) Importer(815301076,1909f56bfc062723c751e8b465ee728b)
Start importing Assets/WoodPack/Meshes/bottle_2.fbx using Guid(d5dd1e2529331ba4d86e6eb692634e01) Importer(815301076,1909f56bfc062723c751e8b465ee728b)  -> (artifact id: '581d2d548d8ec5e4922a2f50bf156504') in 0.026940 seconds 
========================================================================
Received Prepare
Registering precompiled user dll's ...
Registered in 0.007828 seconds.
Begin MonoManager ReloadAssembly
Symbol file LoadedFromMemory doesn't match image D:\CS-583-Final-Project\Final Project Game\Library\PackageCache\com.unity.visualscripting@1.7.8\Editor\VisualScripting.Core\Dependencies\DotNetZip\Unity.VisualScripting.IonicZip.dll
Symbol file LoadedFromMemory doesn't match image D:\CS-583-Final-Project\Final Project Game\Library\PackageCache\com.unity.visualscripting@1.7.8\Editor\VisualScripting.Core\Dependencies\YamlDotNet\Unity.VisualScripting.YamlDotNet.dll
Native extension for WindowsStandalone target not found
Native extension for WebGL target not found
Refreshing native plugins compatible for Editor in 1.48 ms, found 3 plugins.
Preloading 0 native plugins for Editor in 0.00 ms.
Mono: successfully reloaded assembly
- Completed reload, in  0.966 seconds
Domain Reload Profiling:
	ReloadAssembly (967ms)
		BeginReloadAssembly (116ms)
			ExecutionOrderSort (0ms)
			DisableScriptedObjects (4ms)
			BackupInstance (0ms)
			ReleaseScriptingObjects (0ms)
			CreateAndSetChildDomain (40ms)
		EndReloadAssembly (778ms)
			LoadAssemblies (74ms)
			RebuildTransferFunctionScriptingTraits (0ms)
			SetupTypeCache (213ms)
			ReleaseScriptCaches (2ms)
			RebuildScriptCaches (33ms)
			SetupLoadedEditorAssemblies (425ms)
				LogAssemblyErrors (0ms)
				InitializePlatformSupportModulesInManaged (10ms)
				SetLoadedEditorAssemblies (0ms)
				RefreshPlugins (2ms)
				BeforeProcessingInitializeOnLoad (63ms)
				ProcessInitializeOnLoadAttributes (234ms)
				ProcessInitializeOnLoadMethodAttributes (111ms)
				AfterProcessingInitializeOnLoad (6ms)
				EditorAssembliesLoaded (0ms)
			ExecutionOrderSort2 (0ms)
			AwakeInstancesAfterBackupRestoration (5ms)
Platform modules already initialized, skipping
Refreshing native plugins compatible for Editor in 3.77 ms, found 3 plugins.
Preloading 0 native plugins for Editor in 0.00 ms.
Unloading 4785 Unused Serialized files (Serialized files now loaded: 0)
Unloading 72 unused Assets / (1.4 MB). Loaded Objects now: 5333.
Memory consumption went from 267.3 MB to 265.9 MB.
Total: 5.323400 ms (FindLiveObjects: 0.282800 ms CreateObjectMapping: 0.136000 ms MarkObjects: 4.666700 ms  DeleteObjects: 0.236700 ms)

AssetImportParameters requested are different than current active one (requested -> active):
  custom:video-decoder-ogg-theora: a1e56fd34408186e4bbccfd4996cb3dc -> 
  custom:container-muxer-webm: aa71ff27fc2769a1b78a27578f13a17b -> 
  custom:container-demuxer-webm: 4f35f7cbe854078d1ac9338744f61a02 -> 
  custom:video-encoder-webm-vp8: eb34c28f22e8b96e1ab97ce403110664 -> 
  custom:audio-encoder-webm-vorbis: bf7c407c2cedff20999df2af8eb42d56 -> 
  custom:framework-win-MediaFoundation: 216162199b28c13a410421893ffa2e32 -> 
  custom:container-demuxer-ogg: 62fdf1f143b41e24485cea50d1cbac27 -> 
  custom:video-decoder-webm-vp8: 9c59270c3fd7afecdb556c50c9e8de78 -> 
  custom:audio-decoder-ogg-vorbis: bf7c407c2cedff20999df2af8eb42d56 -> 
========================================================================
Received Import Request.
  Time since last request: 1370.443009 seconds.
  path: Assets/Stylized Pirate Asset Set/Prefabs/Environmental/Wall_Half.prefab
  artifactKey: Guid(7477dfc10c9f9a647955643ee4baa3d4) Importer(815301076,1909f56bfc062723c751e8b465ee728b)
Start importing Assets/Stylized Pirate Asset Set/Prefabs/Environmental/Wall_Half.prefab using Guid(7477dfc10c9f9a647955643ee4baa3d4) Importer(815301076,1909f56bfc062723c751e8b465ee728b)  -> (artifact id: '2d7374fe5395b7432418932232154eb4') in 0.121507 seconds 
========================================================================
Received Import Request.
  Time since last request: 1.113979 seconds.
  path: Assets/Stylized Pirate Asset Set/Prefabs/Environmental/Wall_NormaL.prefab
  artifactKey: Guid(0091b25ff401c204abc65b0fa31076dd) Importer(815301076,1909f56bfc062723c751e8b465ee728b)
Start importing Assets/Stylized Pirate Asset Set/Prefabs/Environmental/Wall_NormaL.prefab using Guid(0091b25ff401c204abc65b0fa31076dd) Importer(815301076,1909f56bfc062723c751e8b465ee728b)  -> (artifact id: '2ce38af9f76f43b1c07ee279740b7582') in 0.038594 seconds 
========================================================================
Received Import Request.
  Time since last request: 3.885863 seconds.
  path: Assets/Stylized Pirate Asset Set/Prefabs/Environmental/Wall_Roof_small.prefab
  artifactKey: Guid(9b89dc583de3ee046a1c3f42089256bd) Importer(815301076,1909f56bfc062723c751e8b465ee728b)
Start importing Assets/Stylized Pirate Asset Set/Prefabs/Environmental/Wall_Roof_small.prefab using Guid(9b89dc583de3ee046a1c3f42089256bd) Importer(815301076,1909f56bfc062723c751e8b465ee728b)  -> (artifact id: 'ced927803f65886b5023ce302ab83628') in 0.020113 seconds 
========================================================================
Received Import Request.
  Time since last request: 1.663423 seconds.
  path: Assets/Stylized Pirate Asset Set/Prefabs/Environmental/Wall_StoneDec_full.prefab
  artifactKey: Guid(0984d1cc663de7f4d8c8c27eb2cd9088) Importer(815301076,1909f56bfc062723c751e8b465ee728b)
Start importing Assets/Stylized Pirate Asset Set/Prefabs/Environmental/Wall_StoneDec_full.prefab using Guid(0984d1cc663de7f4d8c8c27eb2cd9088) Importer(815301076,1909f56bfc062723c751e8b465ee728b)  -> (artifact id: 'a3b050424cd72c635e6b92d36167e009') in 0.030883 seconds 
========================================================================
Received Import Request.
  Time since last request: 2.797408 seconds.
  path: Assets/Stylized Pirate Asset Set/Prefabs/Environmental/Wall_StoneDec_half.prefab
  artifactKey: Guid(8a6dc7b57209efd40aace54494deacca) Importer(815301076,1909f56bfc062723c751e8b465ee728b)
Start importing Assets/Stylized Pirate Asset Set/Prefabs/Environmental/Wall_StoneDec_half.prefab using Guid(8a6dc7b57209efd40aace54494deacca) Importer(815301076,1909f56bfc062723c751e8b465ee728b)  -> (artifact id: 'add0ea145d5a0b2786deb9dd9ab51cb9') in 0.023437 seconds 
========================================================================
Received Import Request.
  Time since last request: 86.612054 seconds.
  path: Assets/Stylized Pirate Asset Set/Prefabs
  artifactKey: Guid(e3966d59afb112546b29111eb369ae0c) Importer(815301076,1909f56bfc062723c751e8b465ee728b)
Start importing Assets/Stylized Pirate Asset Set/Prefabs using Guid(e3966d59afb112546b29111eb369ae0c) Importer(815301076,1909f56bfc062723c751e8b465ee728b)  -> (artifact id: '5678317aa2e4cd5d64843ea0392eede0') in 0.005602 seconds 
========================================================================
Received Import Request.
  Time since last request: 170.671529 seconds.
  path: Assets/WoodPack/Materials/Wood.tga
  artifactKey: Guid(de5c4769375eeb646bb243ad651ed024) Importer(815301076,1909f56bfc062723c751e8b465ee728b)
Start importing Assets/WoodPack/Materials/Wood.tga using Guid(de5c4769375eeb646bb243ad651ed024) Importer(815301076,1909f56bfc062723c751e8b465ee728b)  -> (artifact id: '17df59884df2a94c8f861984febfa1f6') in 0.021206 seconds 
========================================================================
Received Import Request.
  Time since last request: 37.753678 seconds.
  path: Assets/Stylized Pirate Asset Set/Prefabs/Environmental/Wall_Doored.prefab
  artifactKey: Guid(2f162d2254533fc4f87fb2a5b948062e) Importer(815301076,1909f56bfc062723c751e8b465ee728b)
Start importing Assets/Stylized Pirate Asset Set/Prefabs/Environmental/Wall_Doored.prefab using Guid(2f162d2254533fc4f87fb2a5b948062e) Importer(815301076,1909f56bfc062723c751e8b465ee728b)  -> (artifact id: 'f21dbeda45f32861cb44a0d28b0522d5') in 0.034393 seconds 
========================================================================
Received Import Request.
  Time since last request: 73.538317 seconds.
  path: Assets/Stylized Pirate Asset Set/Prefabs/Items
  artifactKey: Guid(e90d8aba9d011ef41a215eaa4b138d92) Importer(815301076,1909f56bfc062723c751e8b465ee728b)
Start importing Assets/Stylized Pirate Asset Set/Prefabs/Items using Guid(e90d8aba9d011ef41a215eaa4b138d92) Importer(815301076,1909f56bfc062723c751e8b465ee728b)  -> (artifact id: '609ec834bb4ed41ef56e1b9c418bba0d') in 0.005912 seconds 
========================================================================
Received Import Request.
  Time since last request: 16.416480 seconds.
  path: Assets/SyntyStudios/PolygonKnights/Models/Materials/Texture_01.mat
  artifactKey: Guid(4f4c4104bd44bce4c853bd518b424687) Importer(815301076,1909f56bfc062723c751e8b465ee728b)
Start importing Assets/SyntyStudios/PolygonKnights/Models/Materials/Texture_01.mat using Guid(4f4c4104bd44bce4c853bd518b424687) Importer(815301076,1909f56bfc062723c751e8b465ee728b)  -> (artifact id: 'f96d40027d141631a2182c950971d589') in 0.066775 seconds 
========================================================================
Received Import Request.
  Time since last request: 0.000032 seconds.
  path: Assets/Stylized Pirate Asset Set/Materials/Building/Walls.mat
  artifactKey: Guid(c8d01f299dfe23442b0fe210ca2ee09f) Importer(815301076,1909f56bfc062723c751e8b465ee728b)
Start importing Assets/Stylized Pirate Asset Set/Materials/Building/Walls.mat using Guid(c8d01f299dfe23442b0fe210ca2ee09f) Importer(815301076,1909f56bfc062723c751e8b465ee728b)  -> (artifact id: '27d18bcba29c0e2c448c7c9946c9210b') in 0.024408 seconds 
========================================================================
Received Import Request.
  Time since last request: 0.000036 seconds.
  path: Assets/Stylized Pirate Asset Set/Materials/Master Stack/Water.mat
  artifactKey: Guid(b8ae93471af6b324697d6920d3797d12) Importer(815301076,1909f56bfc062723c751e8b465ee728b)
Start importing Assets/Stylized Pirate Asset Set/Materials/Master Stack/Water.mat using Guid(b8ae93471af6b324697d6920d3797d12) Importer(815301076,1909f56bfc062723c751e8b465ee728b)  -> (artifact id: '7c074e994fe46d9c8cd6ab6d06650c5b') in 0.024717 seconds 
========================================================================
Received Import Request.
  Time since last request: 0.000022 seconds.
  path: Assets/Creator Kit - FPS/Art/Materials/Props/Veins.mat
  artifactKey: Guid(9b3a7c005d13b5f4bb8af4f1ff9ce388) Importer(815301076,1909f56bfc062723c751e8b465ee728b)
Start importing Assets/Creator Kit - FPS/Art/Materials/Props/Veins.mat using Guid(9b3a7c005d13b5f4bb8af4f1ff9ce388) Importer(815301076,1909f56bfc062723c751e8b465ee728b)  -> (artifact id: '1101ceb87eb453f2d92170ada21dd01c') in 0.145104 seconds 
========================================================================
Received Import Request.
  Time since last request: 0.000018 seconds.
  path: Assets/Stylized Pirate Asset Set/Art Assets/Environments/Building/Shop_Piece_Mesh.fbx
  artifactKey: Guid(f8c0ee0be7cb0d8468444418b62fe30b) Importer(815301076,1909f56bfc062723c751e8b465ee728b)
Start importing Assets/Stylized Pirate Asset Set/Art Assets/Environments/Building/Shop_Piece_Mesh.fbx using Guid(f8c0ee0be7cb0d8468444418b62fe30b) Importer(815301076,1909f56bfc062723c751e8b465ee728b)  -> (artifact id: 'b74e21fc7630a207d70fdccb396e8812') in 0.550984 seconds 
========================================================================
Received Import Request.
  Time since last request: 0.863797 seconds.
  path: Assets/Creator Kit - FPS/Art/Materials/Props/Teeth_Gold.mat
  artifactKey: Guid(a99203e73c27fa14cabc047f34a7c0e6) Importer(815301076,1909f56bfc062723c751e8b465ee728b)
Start importing Assets/Creator Kit - FPS/Art/Materials/Props/Teeth_Gold.mat using Guid(a99203e73c27fa14cabc047f34a7c0e6) Importer(815301076,1909f56bfc062723c751e8b465ee728b)  -> (artifact id: '61f994acdb55fe3e64b7d63ccabb493c') in 0.161193 seconds 
========================================================================
Received Import Request.
  Time since last request: 0.556021 seconds.
  path: Assets/Creator Kit - FPS/Art/Materials/VFX/Target5Pts.mat
  artifactKey: Guid(f2ab30921eb191146b41c0d293d8cd24) Importer(815301076,1909f56bfc062723c751e8b465ee728b)
Start importing Assets/Creator Kit - FPS/Art/Materials/VFX/Target5Pts.mat using Guid(f2ab30921eb191146b41c0d293d8cd24) Importer(815301076,1909f56bfc062723c751e8b465ee728b)  -> (artifact id: 'd500842799a0c280a07e83dbf4330e72') in 0.014863 seconds 
========================================================================
Received Import Request.
  Time since last request: 0.088641 seconds.
  path: Assets/Stylized Pirate Asset Set/Materials/Items/Tankard.mat
  artifactKey: Guid(fa9ce50776921da47a0e8fa2e485248c) Importer(815301076,1909f56bfc062723c751e8b465ee728b)
Start importing Assets/Stylized Pirate Asset Set/Materials/Items/Tankard.mat using Guid(fa9ce50776921da47a0e8fa2e485248c) Importer(815301076,1909f56bfc062723c751e8b465ee728b)  -> (artifact id: 'e6a7d09077315261d3b2ca5a89d8e926') in 0.028476 seconds 
========================================================================
Received Import Request.
  Time since last request: 0.000029 seconds.
  path: Assets/Creator Kit - FPS/Art/Materials/VFX/Target.mat
  artifactKey: Guid(b5b46fa2f6c181b4f8f6a9cd1c3d193b) Importer(815301076,1909f56bfc062723c751e8b465ee728b)
Start importing Assets/Creator Kit - FPS/Art/Materials/VFX/Target.mat using Guid(b5b46fa2f6c181b4f8f6a9cd1c3d193b) Importer(815301076,1909f56bfc062723c751e8b465ee728b)  -> (artifact id: '6f323de52572c0462b9a910519cf8bbc') in 0.015438 seconds 
========================================================================
Received Import Request.
  Time since last request: 0.462868 seconds.
  path: Assets/Stylized Pirate Asset Set/Materials/Items/Table_Shelving_mat.mat
  artifactKey: Guid(230cf1e77cb81ec49b8d46be590eca80) Importer(815301076,1909f56bfc062723c751e8b465ee728b)
Start importing Assets/Stylized Pirate Asset Set/Materials/Items/Table_Shelving_mat.mat using Guid(230cf1e77cb81ec49b8d46be590eca80) Importer(815301076,1909f56bfc062723c751e8b465ee728b)  -> (artifact id: '1a0a33d978b1bc6a571ab4606f102dbe') in 0.032368 seconds 
========================================================================
Received Import Request.
  Time since last request: 0.000019 seconds.
  path: Assets/Stylized Pirate Asset Set/Art Assets/Items/Table/Table_Shelves_uved.fbx
  artifactKey: Guid(452d22e73dc7b164b9ef9516d449fb27) Importer(815301076,1909f56bfc062723c751e8b465ee728b)
Start importing Assets/Stylized Pirate Asset Set/Art Assets/Items/Table/Table_Shelves_uved.fbx using Guid(452d22e73dc7b164b9ef9516d449fb27) Importer(815301076,1909f56bfc062723c751e8b465ee728b)  -> (artifact id: 'c70e995f777cbd72ec0077375601d68a') in 0.049521 seconds 
========================================================================
Received Import Request.
  Time since last request: 0.000022 seconds.
  path: Assets/Creator Kit - FPS/Art/Materials/Environment/StomachStuff.mat
  artifactKey: Guid(5e47dd0ca3726b84f8bed98a212b1e83) Importer(815301076,1909f56bfc062723c751e8b465ee728b)
Start importing Assets/Creator Kit - FPS/Art/Materials/Environment/StomachStuff.mat using Guid(5e47dd0ca3726b84f8bed98a212b1e83) Importer(815301076,1909f56bfc062723c751e8b465ee728b)  -> (artifact id: 'fd22c82a96f2143d74aa8979aad37e49') in 0.033538 seconds 
========================================================================
Received Import Request.
  Time since last request: 0.000026 seconds.
  path: Assets/SyntyStudios/PolygonCity/Materials/FX_Materials/Steam_Mat.mat
  artifactKey: Guid(47e542428617fb845a4b882c2b0a699a) Importer(815301076,1909f56bfc062723c751e8b465ee728b)
Start importing Assets/SyntyStudios/PolygonCity/Materials/FX_Materials/Steam_Mat.mat using Guid(47e542428617fb845a4b882c2b0a699a) Importer(815301076,1909f56bfc062723c751e8b465ee728b)  -> (artifact id: '66c5913d073426cd8d17d9977888081a') in 0.034909 seconds 
========================================================================
Received Import Request.
  Time since last request: 0.000019 seconds.
  path: Assets/Stylized Pirate Asset Set/Materials/Building/Stairs.mat
  artifactKey: Guid(6fce6811ee57a4d4cbfca8092aaf7ec5) Importer(815301076,1909f56bfc062723c751e8b465ee728b)
Start importing Assets/Stylized Pirate Asset Set/Materials/Building/Stairs.mat using Guid(6fce6811ee57a4d4cbfca8092aaf7ec5) Importer(815301076,1909f56bfc062723c751e8b465ee728b)  -> (artifact id: 'f604b37363105e59a67663ef8e1f98dd') in 0.026890 seconds 
========================================================================
Received Import Request.
  Time since last request: 0.000020 seconds.
  path: Assets/SyntyStudios/PolygonKnights/Materials/Statue_Material.mat
  artifactKey: Guid(bafe633910a509649aeed6fbfe41e1a0) Importer(815301076,1909f56bfc062723c751e8b465ee728b)
Start importing Assets/SyntyStudios/PolygonKnights/Materials/Statue_Material.mat using Guid(bafe633910a509649aeed6fbfe41e1a0) Importer(815301076,1909f56bfc062723c751e8b465ee728b)  -> (artifact id: '07e6e8766a254f4ca1119789497e8eb2') in 0.015721 seconds 
========================================================================
Received Import Request.
  Time since last request: 237.169904 seconds.
  path: Assets/WoodPack/Meshes/sm_lamp_wood_3.fbx
  artifactKey: Guid(de5aa8628fee4a74b921514a52364c74) Importer(815301076,1909f56bfc062723c751e8b465ee728b)
Start importing Assets/WoodPack/Meshes/sm_lamp_wood_3.fbx using Guid(de5aa8628fee4a74b921514a52364c74) Importer(815301076,1909f56bfc062723c751e8b465ee728b)  -> (artifact id: '102c0558b9151438e0a43980f5326f87') in 0.023220 seconds 
========================================================================
Received Import Request.
  Time since last request: 45.452114 seconds.
  path: Assets
  artifactKey: Guid(00000000000000001000000000000000) Importer(815301076,1909f56bfc062723c751e8b465ee728b)
Start importing Assets using Guid(00000000000000001000000000000000) Importer(815301076,1909f56bfc062723c751e8b465ee728b)  -> (artifact id: '79842766b460edbeab6a34051e857a80') in 0.005318 seconds 
========================================================================
Received Import Request.
  Time since last request: 12.649384 seconds.
  path: Assets/Custom Materials
  artifactKey: Guid(00ebff5cef5f19e418561e08bd3c7037) Importer(815301076,1909f56bfc062723c751e8b465ee728b)
Start importing Assets/Custom Materials using Guid(00ebff5cef5f19e418561e08bd3c7037) Importer(815301076,1909f56bfc062723c751e8b465ee728b)  -> (artifact id: '3542e87ceec1cfbce1f63d80cc1cf413') in 0.006247 seconds 
========================================================================
Received Import Request.
  Time since last request: 424.777467 seconds.
  path: Assets/Prefabs
  artifactKey: Guid(7a697579c9d2f23479a1b47cdd084b82) Importer(815301076,1909f56bfc062723c751e8b465ee728b)
Start importing Assets/Prefabs using Guid(7a697579c9d2f23479a1b47cdd084b82) Importer(815301076,1909f56bfc062723c751e8b465ee728b)  -> (artifact id: 'cc820b6c332897c04756bebb6c89bda4') in 0.005924 seconds 
========================================================================
Received Import Request.
  Time since last request: 27.824775 seconds.
  path: Assets/Prefabs/Walk way.prefab
  artifactKey: Guid(8703b09a47c57d54eac50f42d2a4c045) Importer(815301076,1909f56bfc062723c751e8b465ee728b)
Start importing Assets/Prefabs/Walk way.prefab using Guid(8703b09a47c57d54eac50f42d2a4c045) Importer(815301076,1909f56bfc062723c751e8b465ee728b)  -> (artifact id: 'bc9b997548a73536e3565a074add3282') in 0.008001 seconds 
========================================================================
Received Import Request.
  Time since last request: 151.195027 seconds.
  path: Assets/Prefabs/Walk way.prefab
  artifactKey: Guid(8703b09a47c57d54eac50f42d2a4c045) Importer(815301076,1909f56bfc062723c751e8b465ee728b)
Start importing Assets/Prefabs/Walk way.prefab using Guid(8703b09a47c57d54eac50f42d2a4c045) Importer(815301076,1909f56bfc062723c751e8b465ee728b)  -> (artifact id: '9e053a3678770f90a90c86dacaa2642b') in 0.021154 seconds 
========================================================================
Received Import Request.
  Time since last request: 392.267937 seconds.
  path: Assets/Stylized Pirate Asset Set
  artifactKey: Guid(2abe46bf2d25fc6479d21eb5e27f4f3a) Importer(815301076,1909f56bfc062723c751e8b465ee728b)
Start importing Assets/Stylized Pirate Asset Set using Guid(2abe46bf2d25fc6479d21eb5e27f4f3a) Importer(815301076,1909f56bfc062723c751e8b465ee728b)  -> (artifact id: 'ce4cb9c2b48e2c0d37c83a8a87754083') in 0.005783 seconds 
========================================================================
Received Import Request.
  Time since last request: 18.042164 seconds.
  path: Assets/Stylized Pirate Asset Set/Prefabs/Environmental/Wall_Roof_normal.prefab
  artifactKey: Guid(dcdab5f42fc6ba448bec5beaea53f0ef) Importer(815301076,1909f56bfc062723c751e8b465ee728b)
Start importing Assets/Stylized Pirate Asset Set/Prefabs/Environmental/Wall_Roof_normal.prefab using Guid(dcdab5f42fc6ba448bec5beaea53f0ef) Importer(815301076,1909f56bfc062723c751e8b465ee728b)  -> (artifact id: 'bbcab5453a4841af59de7ed4d25e0806') in 0.022359 seconds 
========================================================================
Received Import Request.
  Time since last request: 332.191786 seconds.
  path: Assets/Stylized Pirate Asset Set/Prefabs/Environmental/Medium_Rock_B.prefab
  artifactKey: Guid(19f67bc314c270544ab73106708112e0) Importer(815301076,1909f56bfc062723c751e8b465ee728b)
Start importing Assets/Stylized Pirate Asset Set/Prefabs/Environmental/Medium_Rock_B.prefab using Guid(19f67bc314c270544ab73106708112e0) Importer(815301076,1909f56bfc062723c751e8b465ee728b)  -> (artifact id: 'fea51e7f7eda25f56c6448d2bfe0aad5') in 0.033726 seconds 
========================================================================
Received Import Request.
  Time since last request: 303.112379 seconds.
  path: Assets/Stylized Pirate Asset Set/Prefabs/Vegetation
  artifactKey: Guid(3d0915559de404c479d8f7acc5ccff60) Importer(815301076,1909f56bfc062723c751e8b465ee728b)
Start importing Assets/Stylized Pirate Asset Set/Prefabs/Vegetation using Guid(3d0915559de404c479d8f7acc5ccff60) Importer(815301076,1909f56bfc062723c751e8b465ee728b)  -> (artifact id: 'aae5de6679b44870a1a9369a7c4a6e93') in 0.007044 seconds 
========================================================================
Received Import Request.
  Time since last request: 1.598236 seconds.
  path: Assets/Stylized Pirate Asset Set/Prefabs/Environmental/Window.prefab
  artifactKey: Guid(6c9e6f6d52fb828449b049fcea46f8f8) Importer(815301076,1909f56bfc062723c751e8b465ee728b)
Start importing Assets/Stylized Pirate Asset Set/Prefabs/Environmental/Window.prefab using Guid(6c9e6f6d52fb828449b049fcea46f8f8) Importer(815301076,1909f56bfc062723c751e8b465ee728b)  -> (artifact id: 'a932470a81dc8c08a44b88c0b57d8ee6') in 0.031640 seconds 
========================================================================
Received Import Request.
  Time since last request: 33.938207 seconds.
  path: Assets/Scenes/CatBorg Studio/3D Pirates Lowpoly Pack
  artifactKey: Guid(bf59ac2357cbc8f42beffb94a2457999) Importer(815301076,1909f56bfc062723c751e8b465ee728b)
Start importing Assets/Scenes/CatBorg Studio/3D Pirates Lowpoly Pack using Guid(bf59ac2357cbc8f42beffb94a2457999) Importer(815301076,1909f56bfc062723c751e8b465ee728b)  -> (artifact id: 'c00d7bbcc11a2380179e1ffa5db7c7c0') in 0.005671 seconds 
========================================================================
Received Import Request.
  Time since last request: 25.437739 seconds.
  path: Assets/CatBorg Studio
  artifactKey: Guid(9e0871e2f25f16c479516ec695dba897) Importer(815301076,1909f56bfc062723c751e8b465ee728b)
Start importing Assets/CatBorg Studio using Guid(9e0871e2f25f16c479516ec695dba897) Importer(815301076,1909f56bfc062723c751e8b465ee728b)  -> (artifact id: '05086122f5243fab964691463ba1a0a9') in 0.005587 seconds 
========================================================================
Received Import Request.
  Time since last request: 46.760110 seconds.
  path: Assets/CatBorg Studio/3D Pirates Lowpoly Pack/Textures
  artifactKey: Guid(ea8c54be141230848819dc2dafe4f0cf) Importer(815301076,1909f56bfc062723c751e8b465ee728b)
Start importing Assets/CatBorg Studio/3D Pirates Lowpoly Pack/Textures using Guid(ea8c54be141230848819dc2dafe4f0cf) Importer(815301076,1909f56bfc062723c751e8b465ee728b)  -> (artifact id: '274438c5c775a6ccbc7be1b946a07ee5') in 0.005724 seconds 
========================================================================
Received Import Request.
  Time since last request: 524.684089 seconds.
  path: Assets/CatBorg Studio/3D Pirates Lowpoly Pack/Prefabs
  artifactKey: Guid(8b20bea29a7bd9e4c8f46722a083030a) Importer(815301076,1909f56bfc062723c751e8b465ee728b)
Start importing Assets/CatBorg Studio/3D Pirates Lowpoly Pack/Prefabs using Guid(8b20bea29a7bd9e4c8f46722a083030a) Importer(815301076,1909f56bfc062723c751e8b465ee728b)  -> (artifact id: '3a9cb50cd2deead1be64bb6885ba5a32') in 0.006048 seconds 
========================================================================
Received Import Request.
  Time since last request: 0.797398 seconds.
  path: Assets/CatBorg Studio/3D Pirates Lowpoly Pack/Models
  artifactKey: Guid(a7e534c1fbba612458349596946c1c79) Importer(815301076,1909f56bfc062723c751e8b465ee728b)
Start importing Assets/CatBorg Studio/3D Pirates Lowpoly Pack/Models using Guid(a7e534c1fbba612458349596946c1c79) Importer(815301076,1909f56bfc062723c751e8b465ee728b)  -> (artifact id: 'fe95ae14061640f4765eb19b337e0b4f') in 0.005460 seconds 
========================================================================
Received Import Request.
  Time since last request: 13.968258 seconds.
  path: Assets/CatBorg Studio/3D Pirates Lowpoly Pack/Models/02_Market_Barrel_Single_Closed.fbx
  artifactKey: Guid(bd15de13cb7383047bd407f38b7b2a94) Importer(815301076,1909f56bfc062723c751e8b465ee728b)
Start importing Assets/CatBorg Studio/3D Pirates Lowpoly Pack/Models/02_Market_Barrel_Single_Closed.fbx using Guid(bd15de13cb7383047bd407f38b7b2a94) Importer(815301076,1909f56bfc062723c751e8b465ee728b)  -> (artifact id: '1485ba570be5e3d3cfa70b5f836ffc9f') in 0.174191 seconds 
========================================================================
Received Import Request.
  Time since last request: 1846.525724 seconds.
  path: Assets/CatBorg Studio/3D Pirates Lowpoly Pack/Models/02_Market_Crate_1.fbx
  artifactKey: Guid(2d7cad0c19c32fd47b653c1cb1d85037) Importer(815301076,1909f56bfc062723c751e8b465ee728b)
Start importing Assets/CatBorg Studio/3D Pirates Lowpoly Pack/Models/02_Market_Crate_1.fbx using Guid(2d7cad0c19c32fd47b653c1cb1d85037) Importer(815301076,1909f56bfc062723c751e8b465ee728b)  -> (artifact id: '1fdfd84b4378068e342d25277c4a1d07') in 0.026882 seconds 
========================================================================
Received Import Request.
  Time since last request: 1.224102 seconds.
  path: Assets/CatBorg Studio/3D Pirates Lowpoly Pack/Models/02_Market_Crate_2.fbx
  artifactKey: Guid(42386b16574d80c4b82fdad4fb7e7bee) Importer(815301076,1909f56bfc062723c751e8b465ee728b)
Start importing Assets/CatBorg Studio/3D Pirates Lowpoly Pack/Models/02_Market_Crate_2.fbx using Guid(42386b16574d80c4b82fdad4fb7e7bee) Importer(815301076,1909f56bfc062723c751e8b465ee728b)  -> (artifact id: '477d160d97b7925d5acea1156ef87cf9') in 0.021542 seconds 
========================================================================
Received Import Request.
  Time since last request: 24.670130 seconds.
  path: Assets/CatBorg Studio/3D Pirates Lowpoly Pack/Models/02_Market_Banner_Barrels.fbx
  artifactKey: Guid(49e272a6035c131408a2014d7e13bbdd) Importer(815301076,1909f56bfc062723c751e8b465ee728b)
Start importing Assets/CatBorg Studio/3D Pirates Lowpoly Pack/Models/02_Market_Banner_Barrels.fbx using Guid(49e272a6035c131408a2014d7e13bbdd) Importer(815301076,1909f56bfc062723c751e8b465ee728b)  -> (artifact id: '34add35813b4f22b114827b1d79f8655') in 0.015838 seconds 
========================================================================
Received Import Request.
  Time since last request: 10.450352 seconds.
  path: Assets/CatBorg Studio/3D Pirates Lowpoly Pack/Models/02_Market_Barrel_WithCrane.fbx
  artifactKey: Guid(f3c8c3810406e2a488350d3ac348382c) Importer(815301076,1909f56bfc062723c751e8b465ee728b)
Start importing Assets/CatBorg Studio/3D Pirates Lowpoly Pack/Models/02_Market_Barrel_WithCrane.fbx using Guid(f3c8c3810406e2a488350d3ac348382c) Importer(815301076,1909f56bfc062723c751e8b465ee728b)  -> (artifact id: '936a52c1124ca3b0e2b315ae4656af0e') in 0.016269 seconds 
========================================================================
Received Import Request.
  Time since last request: 7.651786 seconds.
  path: Assets/CatBorg Studio/3D Pirates Lowpoly Pack/Models/02_Market_Barrel_Stack_3.fbx
  artifactKey: Guid(811e88832050cd1429a156d3a8ec939d) Importer(815301076,1909f56bfc062723c751e8b465ee728b)
Start importing Assets/CatBorg Studio/3D Pirates Lowpoly Pack/Models/02_Market_Barrel_Stack_3.fbx using Guid(811e88832050cd1429a156d3a8ec939d) Importer(815301076,1909f56bfc062723c751e8b465ee728b)  -> (artifact id: 'ed1f0f96da45367685131516f2e43c24') in 0.019509 seconds 
========================================================================
Received Import Request.
  Time since last request: 6.847066 seconds.
  path: Assets/CatBorg Studio/3D Pirates Lowpoly Pack/Models/04_CannonShop_Cannon_Mold.fbx
  artifactKey: Guid(0f916ac7ae9e9be4ca1c10c88a82aa95) Importer(815301076,1909f56bfc062723c751e8b465ee728b)
Start importing Assets/CatBorg Studio/3D Pirates Lowpoly Pack/Models/04_CannonShop_Cannon_Mold.fbx using Guid(0f916ac7ae9e9be4ca1c10c88a82aa95) Importer(815301076,1909f56bfc062723c751e8b465ee728b)  -> (artifact id: '3c3717594f88ec379d1805bb1a97e999') in 0.026203 seconds 
========================================================================
Received Import Request.
  Time since last request: 1.727400 seconds.
  path: Assets/CatBorg Studio/3D Pirates Lowpoly Pack/Models/04_CannonShop_Cannon_Cart.fbx
  artifactKey: Guid(701acdabf1b948e498a5a2c95b65f618) Importer(815301076,1909f56bfc062723c751e8b465ee728b)
Start importing Assets/CatBorg Studio/3D Pirates Lowpoly Pack/Models/04_CannonShop_Cannon_Cart.fbx using Guid(701acdabf1b948e498a5a2c95b65f618) Importer(815301076,1909f56bfc062723c751e8b465ee728b)  -> (artifact id: '8e31b9e4d9416755eb54221b5602ed40') in 0.020761 seconds 
========================================================================
Received Import Request.
  Time since last request: 2.945851 seconds.
  path: Assets/CatBorg Studio/3D Pirates Lowpoly Pack/Models/04_CannonShop_Cannon_Mold_Empty.fbx
  artifactKey: Guid(d1132d7690a564d41b9424a08b454691) Importer(815301076,1909f56bfc062723c751e8b465ee728b)
Start importing Assets/CatBorg Studio/3D Pirates Lowpoly Pack/Models/04_CannonShop_Cannon_Mold_Empty.fbx using Guid(d1132d7690a564d41b9424a08b454691) Importer(815301076,1909f56bfc062723c751e8b465ee728b)  -> (artifact id: 'cc00a1164b659f480f7f47a61abe518b') in 0.017728 seconds 
========================================================================
Received Import Request.
  Time since last request: 2.663024 seconds.
  path: Assets/CatBorg Studio/3D Pirates Lowpoly Pack/Models/05_Destilery_Banner_Destilary.fbx
  artifactKey: Guid(d6c63fd5005a1074195572db56702461) Importer(815301076,1909f56bfc062723c751e8b465ee728b)
Start importing Assets/CatBorg Studio/3D Pirates Lowpoly Pack/Models/05_Destilery_Banner_Destilary.fbx using Guid(d6c63fd5005a1074195572db56702461) Importer(815301076,1909f56bfc062723c751e8b465ee728b)  -> (artifact id: '812ecd9233042664cfb49f4199800d02') in 0.020428 seconds 
========================================================================
Received Import Request.
  Time since last request: 4.184704 seconds.
  path: Assets/CatBorg Studio/3D Pirates Lowpoly Pack/Models/05_Destilery_Rum_Bottle_1.fbx
  artifactKey: Guid(db2a7c084e0d85a4399daafd9e944732) Importer(815301076,1909f56bfc062723c751e8b465ee728b)
Start importing Assets/CatBorg Studio/3D Pirates Lowpoly Pack/Models/05_Destilery_Rum_Bottle_1.fbx using Guid(db2a7c084e0d85a4399daafd9e944732) Importer(815301076,1909f56bfc062723c751e8b465ee728b)  -> (artifact id: 'df4f41730eabdd3860456814291b3742') in 0.022780 seconds 
========================================================================
Received Import Request.
  Time since last request: 2.896763 seconds.
  path: Assets/CatBorg Studio/3D Pirates Lowpoly Pack/Models/06_MusketShop_Banner.fbx
  artifactKey: Guid(7c1407e581d315c4f809492566899f2d) Importer(815301076,1909f56bfc062723c751e8b465ee728b)
Start importing Assets/CatBorg Studio/3D Pirates Lowpoly Pack/Models/06_MusketShop_Banner.fbx using Guid(7c1407e581d315c4f809492566899f2d) Importer(815301076,1909f56bfc062723c751e8b465ee728b)  -> (artifact id: 'fe78764f1cb06d1caab015b3bea4e4b1') in 0.018544 seconds 
========================================================================
Received Import Request.
  Time since last request: 4.445653 seconds.
  path: Assets/CatBorg Studio/3D Pirates Lowpoly Pack/Models/07_Tavern_UmbrelaTable_2.fbx
  artifactKey: Guid(93a4a2b4586aee74b9d9943c0e58fa36) Importer(815301076,1909f56bfc062723c751e8b465ee728b)
Start importing Assets/CatBorg Studio/3D Pirates Lowpoly Pack/Models/07_Tavern_UmbrelaTable_2.fbx using Guid(93a4a2b4586aee74b9d9943c0e58fa36) Importer(815301076,1909f56bfc062723c751e8b465ee728b)  -> (artifact id: '909e4519b926ff19d29ae227347e4eee') in 0.026936 seconds 
========================================================================
Received Import Request.
  Time since last request: 2.311268 seconds.
  path: Assets/CatBorg Studio/3D Pirates Lowpoly Pack/Models/07_Tavern_Banner.fbx
  artifactKey: Guid(72145ee31c13a2b48ade686eaeb75584) Importer(815301076,1909f56bfc062723c751e8b465ee728b)
Start importing Assets/CatBorg Studio/3D Pirates Lowpoly Pack/Models/07_Tavern_Banner.fbx using Guid(72145ee31c13a2b48ade686eaeb75584) Importer(815301076,1909f56bfc062723c751e8b465ee728b)  -> (artifact id: '9188ad754b12c100d32770d80f6aac14') in 0.030487 seconds 
========================================================================
Received Import Request.
  Time since last request: 1.598171 seconds.
  path: Assets/CatBorg Studio/3D Pirates Lowpoly Pack/Models/99_Sea.fbx
  artifactKey: Guid(0f33e4bf7ecde364ea8d35ee0f960f83) Importer(815301076,1909f56bfc062723c751e8b465ee728b)
Start importing Assets/CatBorg Studio/3D Pirates Lowpoly Pack/Models/99_Sea.fbx using Guid(0f33e4bf7ecde364ea8d35ee0f960f83) Importer(815301076,1909f56bfc062723c751e8b465ee728b)  -> (artifact id: '18683d517fd02f7e02c76fa3edc3869e') in 0.038932 seconds 
========================================================================
Received Import Request.
  Time since last request: 1.179749 seconds.
  path: Assets/CatBorg Studio/3D Pirates Lowpoly Pack/Models/99_Ship_L1.fbx
  artifactKey: Guid(f3998d06c8d495a4fbca340f630d62cf) Importer(815301076,1909f56bfc062723c751e8b465ee728b)
Start importing Assets/CatBorg Studio/3D Pirates Lowpoly Pack/Models/99_Ship_L1.fbx using Guid(f3998d06c8d495a4fbca340f630d62cf) Importer(815301076,1909f56bfc062723c751e8b465ee728b)  -> (artifact id: '0d6664af2e280e49ee8fc2ce7517c594') in 0.065808 seconds 
========================================================================
Received Import Request.
  Time since last request: 1.389752 seconds.
  path: Assets/CatBorg Studio/3D Pirates Lowpoly Pack/Models/99_Ship_L2.fbx
  artifactKey: Guid(a9180d5d5cc1c8049bf936db99461006) Importer(815301076,1909f56bfc062723c751e8b465ee728b)
Start importing Assets/CatBorg Studio/3D Pirates Lowpoly Pack/Models/99_Ship_L2.fbx using Guid(a9180d5d5cc1c8049bf936db99461006) Importer(815301076,1909f56bfc062723c751e8b465ee728b)  -> (artifact id: '13cf922668c58bb2ff12083f5413a0cc') in 0.098506 seconds 
========================================================================
Received Import Request.
  Time since last request: 182.096809 seconds.
  path: Assets/Prefabs/Walk way.prefab
  artifactKey: Guid(8703b09a47c57d54eac50f42d2a4c045) Importer(815301076,1909f56bfc062723c751e8b465ee728b)
Start importing Assets/Prefabs/Walk way.prefab using Guid(8703b09a47c57d54eac50f42d2a4c045) Importer(815301076,1909f56bfc062723c751e8b465ee728b)  -> (artifact id: '7bdbee1209ab8b305babcbb440ce133f') in 0.020348 seconds 
========================================================================
Received Import Request.
  Time since last request: 4.737153 seconds.
  path: Assets/Prefabs/Walk way.prefab
  artifactKey: Guid(8703b09a47c57d54eac50f42d2a4c045) Importer(815301076,1909f56bfc062723c751e8b465ee728b)
Start importing Assets/Prefabs/Walk way.prefab using Guid(8703b09a47c57d54eac50f42d2a4c045) Importer(815301076,1909f56bfc062723c751e8b465ee728b)  -> (artifact id: '5e402e99d09294be56c45691bf1854f0') in 0.006838 seconds 
========================================================================
Received Import Request.
  Time since last request: 384.859676 seconds.
  path: Assets/Stylized Pirate Asset Set/Prefabs/Items/Wooden_Table.prefab
  artifactKey: Guid(e8124b6be18c6eb44ae633fbdfe09ea0) Importer(815301076,1909f56bfc062723c751e8b465ee728b)
Start importing Assets/Stylized Pirate Asset Set/Prefabs/Items/Wooden_Table.prefab using Guid(e8124b6be18c6eb44ae633fbdfe09ea0) Importer(815301076,1909f56bfc062723c751e8b465ee728b)  -> (artifact id: 'd93679919042ebcbf4b24907c21ab25c') in 0.026652 seconds 
========================================================================
Received Import Request.
  Time since last request: 25.764287 seconds.
  path: Assets/WoodPack/Meshes/bench.fbx
  artifactKey: Guid(6c392e7d92d880341a40bff8c39a441e) Importer(815301076,1909f56bfc062723c751e8b465ee728b)
Start importing Assets/WoodPack/Meshes/bench.fbx using Guid(6c392e7d92d880341a40bff8c39a441e) Importer(815301076,1909f56bfc062723c751e8b465ee728b)  -> (artifact id: '96c5d83742d41bbc463d48c42ad6f9cf') in 0.019493 seconds 
========================================================================
Received Import Request.
  Time since last request: 25.754698 seconds.
  path: Assets/WoodPack/Meshes/sm_chair_2.fbx
  artifactKey: Guid(348b97267dbc3d84fb3251658987c17e) Importer(815301076,1909f56bfc062723c751e8b465ee728b)
Start importing Assets/WoodPack/Meshes/sm_chair_2.fbx using Guid(348b97267dbc3d84fb3251658987c17e) Importer(815301076,1909f56bfc062723c751e8b465ee728b)  -> (artifact id: 'b3c6c883b148b93f1d8f5f9c52c9724b') in 0.018882 seconds 
========================================================================
Received Import Request.
  Time since last request: 5.005492 seconds.
  path: Assets/WoodPack/Meshes/sm_lamp_wood_4.fbx
  artifactKey: Guid(5d1b93f7fa1249149acc8b3ef1ba8cbc) Importer(815301076,1909f56bfc062723c751e8b465ee728b)
Start importing Assets/WoodPack/Meshes/sm_lamp_wood_4.fbx using Guid(5d1b93f7fa1249149acc8b3ef1ba8cbc) Importer(815301076,1909f56bfc062723c751e8b465ee728b)  -> (artifact id: 'b05766eb06fcada374dce041a419aa2d') in 0.017408 seconds 
========================================================================
Received Prepare
Registering precompiled user dll's ...
Registered in 0.005460 seconds.
Begin MonoManager ReloadAssembly
Symbol file LoadedFromMemory doesn't match image D:\CS-583-Final-Project\Final Project Game\Library\PackageCache\com.unity.visualscripting@1.7.8\Editor\VisualScripting.Core\Dependencies\DotNetZip\Unity.VisualScripting.IonicZip.dll
Symbol file LoadedFromMemory doesn't match image D:\CS-583-Final-Project\Final Project Game\Library\PackageCache\com.unity.visualscripting@1.7.8\Editor\VisualScripting.Core\Dependencies\YamlDotNet\Unity.VisualScripting.YamlDotNet.dll
Native extension for WindowsStandalone target not found
Native extension for WebGL target not found
Refreshing native plugins compatible for Editor in 1.83 ms, found 3 plugins.
Preloading 0 native plugins for Editor in 0.00 ms.
Mono: successfully reloaded assembly
- Completed reload, in  1.155 seconds
Domain Reload Profiling:
	ReloadAssembly (1155ms)
		BeginReloadAssembly (143ms)
			ExecutionOrderSort (0ms)
			DisableScriptedObjects (4ms)
			BackupInstance (0ms)
			ReleaseScriptingObjects (0ms)
			CreateAndSetChildDomain (58ms)
		EndReloadAssembly (927ms)
			LoadAssemblies (87ms)
			RebuildTransferFunctionScriptingTraits (0ms)
			SetupTypeCache (280ms)
			ReleaseScriptCaches (3ms)
			RebuildScriptCaches (44ms)
			SetupLoadedEditorAssemblies (471ms)
				LogAssemblyErrors (0ms)
				InitializePlatformSupportModulesInManaged (13ms)
				SetLoadedEditorAssemblies (1ms)
				RefreshPlugins (2ms)
				BeforeProcessingInitializeOnLoad (68ms)
				ProcessInitializeOnLoadAttributes (245ms)
				ProcessInitializeOnLoadMethodAttributes (137ms)
				AfterProcessingInitializeOnLoad (5ms)
				EditorAssembliesLoaded (0ms)
			ExecutionOrderSort2 (0ms)
			AwakeInstancesAfterBackupRestoration (6ms)
Platform modules already initialized, skipping
Refreshing native plugins compatible for Editor in 4.73 ms, found 3 plugins.
Preloading 0 native plugins for Editor in 0.00 ms.
Unloading 4785 Unused Serialized files (Serialized files now loaded: 0)
Unloading 72 unused Assets / (1.4 MB). Loaded Objects now: 5385.
Memory consumption went from 267.9 MB to 266.5 MB.
Total: 7.382800 ms (FindLiveObjects: 0.318800 ms CreateObjectMapping: 0.156100 ms MarkObjects: 6.624900 ms  DeleteObjects: 0.281600 ms)

AssetImportParameters requested are different than current active one (requested -> active):
  custom:video-decoder-ogg-theora: a1e56fd34408186e4bbccfd4996cb3dc -> 
  custom:container-muxer-webm: aa71ff27fc2769a1b78a27578f13a17b -> 
  custom:container-demuxer-webm: 4f35f7cbe854078d1ac9338744f61a02 -> 
  custom:video-encoder-webm-vp8: eb34c28f22e8b96e1ab97ce403110664 -> 
  custom:audio-encoder-webm-vorbis: bf7c407c2cedff20999df2af8eb42d56 -> 
  custom:framework-win-MediaFoundation: 216162199b28c13a410421893ffa2e32 -> 
  custom:container-demuxer-ogg: 62fdf1f143b41e24485cea50d1cbac27 -> 
  custom:video-decoder-webm-vp8: 9c59270c3fd7afecdb556c50c9e8de78 -> 
  custom:audio-decoder-ogg-vorbis: bf7c407c2cedff20999df2af8eb42d56 -> 
========================================================================
Received Prepare
Registering precompiled user dll's ...
Registered in 0.005685 seconds.
Begin MonoManager ReloadAssembly
Symbol file LoadedFromMemory doesn't match image D:\CS-583-Final-Project\Final Project Game\Library\PackageCache\com.unity.visualscripting@1.7.8\Editor\VisualScripting.Core\Dependencies\DotNetZip\Unity.VisualScripting.IonicZip.dll
Symbol file LoadedFromMemory doesn't match image D:\CS-583-Final-Project\Final Project Game\Library\PackageCache\com.unity.visualscripting@1.7.8\Editor\VisualScripting.Core\Dependencies\YamlDotNet\Unity.VisualScripting.YamlDotNet.dll
Native extension for WindowsStandalone target not found
Native extension for WebGL target not found
Refreshing native plugins compatible for Editor in 1.48 ms, found 3 plugins.
Preloading 0 native plugins for Editor in 0.00 ms.
Mono: successfully reloaded assembly
- Completed reload, in  1.063 seconds
Domain Reload Profiling:
	ReloadAssembly (1063ms)
		BeginReloadAssembly (124ms)
			ExecutionOrderSort (0ms)
			DisableScriptedObjects (4ms)
			BackupInstance (0ms)
			ReleaseScriptingObjects (0ms)
			CreateAndSetChildDomain (41ms)
		EndReloadAssembly (858ms)
			LoadAssemblies (85ms)
			RebuildTransferFunctionScriptingTraits (0ms)
			SetupTypeCache (245ms)
			ReleaseScriptCaches (2ms)
			RebuildScriptCaches (39ms)
			SetupLoadedEditorAssemblies (451ms)
				LogAssemblyErrors (0ms)
				InitializePlatformSupportModulesInManaged (12ms)
				SetLoadedEditorAssemblies (0ms)
				RefreshPlugins (2ms)
				BeforeProcessingInitializeOnLoad (63ms)
				ProcessInitializeOnLoadAttributes (238ms)
				ProcessInitializeOnLoadMethodAttributes (130ms)
				AfterProcessingInitializeOnLoad (6ms)
				EditorAssembliesLoaded (0ms)
			ExecutionOrderSort2 (0ms)
			AwakeInstancesAfterBackupRestoration (5ms)
Platform modules already initialized, skipping
Refreshing native plugins compatible for Editor in 4.84 ms, found 3 plugins.
Preloading 0 native plugins for Editor in 0.00 ms.
Unloading 4785 Unused Serialized files (Serialized files now loaded: 0)
Unloading 72 unused Assets / (1.4 MB). Loaded Objects now: 5400.
Memory consumption went from 267.9 MB to 266.5 MB.
Total: 6.457600 ms (FindLiveObjects: 0.360800 ms CreateObjectMapping: 0.211600 ms MarkObjects: 5.576000 ms  DeleteObjects: 0.308000 ms)

AssetImportParameters requested are different than current active one (requested -> active):
  custom:video-decoder-ogg-theora: a1e56fd34408186e4bbccfd4996cb3dc -> 
  custom:container-muxer-webm: aa71ff27fc2769a1b78a27578f13a17b -> 
  custom:container-demuxer-webm: 4f35f7cbe854078d1ac9338744f61a02 -> 
  custom:video-encoder-webm-vp8: eb34c28f22e8b96e1ab97ce403110664 -> 
  custom:audio-encoder-webm-vorbis: bf7c407c2cedff20999df2af8eb42d56 -> 
  custom:framework-win-MediaFoundation: 216162199b28c13a410421893ffa2e32 -> 
  custom:container-demuxer-ogg: 62fdf1f143b41e24485cea50d1cbac27 -> 
  custom:video-decoder-webm-vp8: 9c59270c3fd7afecdb556c50c9e8de78 -> 
  custom:audio-decoder-ogg-vorbis: bf7c407c2cedff20999df2af8eb42d56 -> 
========================================================================
Received Import Request.
  Time since last request: 584.717181 seconds.
  path: Assets/CatBorg Studio/3D Pirates Lowpoly Pack/Models/02_Market_Sack_Stack.fbx
  artifactKey: Guid(fff8b52e2b2e5c94a8c220f902903426) Importer(815301076,1909f56bfc062723c751e8b465ee728b)
Start importing Assets/CatBorg Studio/3D Pirates Lowpoly Pack/Models/02_Market_Sack_Stack.fbx using Guid(fff8b52e2b2e5c94a8c220f902903426) Importer(815301076,1909f56bfc062723c751e8b465ee728b)  -> (artifact id: '52dd3e956dd027325be60c07be950ca2') in 0.091390 seconds 
========================================================================
Received Import Request.
  Time since last request: 744.478530 seconds.
  path: Assets/Scripts/PlayerController.cs
  artifactKey: Guid(25a28520e3c65e44582d799d567181dd) Importer(815301076,1909f56bfc062723c751e8b465ee728b)
Start importing Assets/Scripts/PlayerController.cs using Guid(25a28520e3c65e44582d799d567181dd) Importer(815301076,1909f56bfc062723c751e8b465ee728b)  -> (artifact id: '636e3587e710410877851045d68c583f') in 0.048404 seconds 
========================================================================
Received Import Request.
  Time since last request: 1.407524 seconds.
  path: Assets/Scripts/PlayerLook.cs
  artifactKey: Guid(c5016dbdb18889540818ca39802d19c5) Importer(815301076,1909f56bfc062723c751e8b465ee728b)
Start importing Assets/Scripts/PlayerLook.cs using Guid(c5016dbdb18889540818ca39802d19c5) Importer(815301076,1909f56bfc062723c751e8b465ee728b)  -> (artifact id: '74c1b796046215bbf712ce9b326c69b3') in 0.006977 seconds 
